OPAL-X>               ____  _____        _       __   __
OPAL-X> [1;32m
OPAL-X> 
OPAL-X>   ██████  ██████   █████  ██      ██   ██
OPAL-X>  ██    ██ ██   ██ ██   ██ ██       ██ ██
OPAL-X>  ██    ██ ██████  ███████ ██        ███
OPAL-X>  ██    ██ ██      ██   ██ ██       ██ ██
OPAL-X>   ██████  ██      ██   ██ ███████ ██   ██
OPAL-X> 
OPAL-X>          This is OPALX (Object Oriented Parallel Accelerator Library for Exascale)
OPAL-X> 
OPAL-X> [0m
OPAL-X> 
OPAL-X> OPALX is the performance portable version of OPAL :: Version 0.9
OPAL-X>             git rev. f8123a3644151ab7fba8f2268e38acc12460e561
OPAL-X> 
OPAL-X> 
OPAL-X>              (c) PSI, https://github.com/OPALX-project/OPALX
OPAL-X> 
OPAL-X> 
OPAL-X> Please send cookies, goodies or other motivations (wine and beer ... ) 
OPAL-X> to the OPAL developers https://github.com/OPALX-project/OPALX/issues
OPAL-X> 
OPAL-X> Time: 11:20:30 date: 08/04/2026
OPAL-X> 
OPAL-X> * Host:   Serial
OPAL-X> * Device: Cuda
OPAL-X> 
OPAL-X> * Reading input stream 'Drift-periodic.in'
OPAL-X> 
OPAL-X> value: {OPALVERSION} = {900}
OPAL-X> 
OPAL-X> 
OPAL-X> value: {EDES,P0} = {1e-09, 1.01094e-06}
OPAL-X> 
OPAL-X> * ************* F I E L D S O L V E R ********************************************** 
OPAL-X> * FIELDSOLVER  FS1
OPAL-X> * BINS         NONE
OPAL-X> * TYPE         FFT
OPAL-X> * RANKS        1
OPAL-X> * NX           32
OPAL-X> * NY           32
OPAL-X> * NZ           32
OPAL-X> * BBOXINCR     5
OPAL-X> * GREENSF      STANDARD
OPAL-X> * XDIM         parallel  
OPAL-X> * YDIM         parallel  
OPAL-X> * ZDIM         serial  
OPAL-X> * ********************************************************************************** 
OPAL-X> 
OPAL-X> * RUN resolved beams: BEAM1
OPAL-X> * ************* B E A M ************************************************************ 
OPAL-X> * BEAM        BEAM1
OPAL-X> * PARTICLE    ELECTRON
OPAL-X> * REST MASS   0.000510999 [GeV]
OPAL-X> * CHARGE      -e * 1 
OPAL-X> * MOMENTUM    1010.94 [eV/c]
OPAL-X> * MOMENTUM    1.01094e-06 [GeV/c]
OPAL-X> * CURRENT     13000 [A]
OPAL-X> * FREQUENCY   1.3e+09 [MHz]
OPAL-X> * NPART       32768
OPAL-X> * ********************************************************************************** 
OPAL-X> 
OPAL-X[2]> * Beam[0] BEAM1 macro charge per particle [C]: -3.05176e-16
OPAL-X[2]> * Beam[0] BEAM1 macro mass per particle [GeV/c^2]: 0.973329
OPAL-X[2]> * Beam[0] BEAM1 particles per macro particle: 1904.76
OPAL-X> 
OPAL-X> * Creating new file for data: 'Drift-periodic.stat'
OPAL-X> * Creating new file for data: 'Drift-periodic.lbal'
PartBunch::setSolver[2]> Initializing solver: FFT
PartBunch::setBins[2]> Solver FS1 has no binning command attached, not using binning.
PartBunch::pre_run[2]> Starting pre_run...
OPAL-X[2]> * BCHandler<3>: [PERIODIC, PERIODIC, PERIODIC]
OPAL-X[2]> * Particle sampling / sampler setup for all emission sources done.
OPAL-X> 
OPAL-X> * ************** B U N C H ********************************************************* 
OPAL-X> * CONTAINER       = 0
OPAL-X> * PARTICLES       = 32768
OPAL-X> * CHARGE          = -1.000000e-11 (Cb) 
OPAL-X> * QM STORAGE MODE = SINGLE
OPAL-X> * <EKIN>          = 1.000 [eV]
OPAL-X> * <dEKIN>         = 0.000 [eV]
OPAL-X> * INTEGRATOR      = LF2
OPAL-X> * MIN R (origin)  = (     -2.98547 ,     -2.97213 ,     -2.98481 ) [mm]
OPAL-X> * MAX R (max ext) = (      3.00440 ,      3.00594 ,      3.00384 ) [mm]
OPAL-X> * RMS R           = (    990.50730 ,    990.72999 ,    990.30913 ) [um]
OPAL-X> * RMS P           = ( 1.001866e-09 , 9.986132e-10 , 9.975067e-10 ) [beta gamma]
OPAL-X> * Mean R          = ( -2.329341e-20 , 2.032879e-20 , 7.305659e-21 ) [m]
OPAL-X> * Mean P          = ( -4.611307e-12 , 3.122964e-12 , 1.978359e-03 ) [beta gamma]
OPAL-X> * MESH SPACING    = (    205.90165 ,    205.49629 ,    205.85965 ) [um]
OPAL-X> * COMPDOM INCR    = 5.000000e+00 (%) 
OPAL-X> * FIELD LAYOUT    = Domain = {[0:31:1],[0:31:1],[0:31:1]}
OPAL-X> Total number of boxes = 1
OPAL-X>     Box 0 {[0:31:1],[0:31:1],[0:31:1]}
OPAL-X> 
OPAL-X> * Centroid : 
OPAL-X> * -7.632783e-16 -1.511033e-07 6.661338e-16 1.023333e-07 2.393918e-16 6.482688e+01 
OPAL-X> * Cov Matrix : 
OPAL-X> * 9.811047e-07 -5.887790e-15 -6.253967e-09 -8.827586e-15 1.586744e-09 1.711023e-15 
OPAL-X> * -5.887790e-15 1.003735e-18 8.422227e-15 1.196066e-20 4.920934e-15 1.470026e-21 
OPAL-X> * -6.253967e-09 8.422227e-15 9.815459e-07 1.571211e-15 -7.857568e-09 -2.297940e-15 
OPAL-X> * -8.827586e-15 1.196066e-20 1.571211e-15 9.972283e-19 -4.385880e-16 2.453850e-21 
OPAL-X> * 1.586744e-09 4.920934e-15 -7.857568e-09 -4.385880e-16 9.807122e-07 4.820493e-15 
OPAL-X> * 1.711023e-15 1.470026e-21 -2.297940e-15 2.453850e-21 4.820493e-15 9.950196e-19 
OPAL-X> * * ********************************************************************************** 
OPAL-X> 
OPAL-X> * D1 gone live
ParallelTracker::execute[2]> Dump initial phase space done.
OPAL-X> * OrbitThreader dt_m= 5e-11
OPAL-X> * OrbitThreader maxDistance= 10
OPAL-X> * OrbitThreader #elements  = 1
OPAL-X> 
OPAL-X> * Size of map 1 sections 
OPAL-X> * Key: (0.000000 - 1.250009) number of overlapping elements 1
OPAL-X> *                            D1
OPAL-X> 
OPAL-X> * Creating new file for data: 'data/Drift-periodic_ElementPositions.sdds'
OPAL-X> * Track start at: 11:20:30, t= 0.000 [fs]; zstart at: 0.000 [um]
OPAL-X> * Initial dt = 50.000 [ps]
OPAL-X> * Max integration steps = 20, next step = 0
OPAL-X>                dt [ns]           zStop [m]        num Steps [1]
OPAL-X> ->         5.000000e-11        1.250000e+00                  20
PartBunch::performBunchSanityChecks[2]> ========= Done performing PartBunch sanity checks... =========
ParallelTracker::execute[2]> Starting track with dt = 50.000 [ps], track steps = 0 to 20.
OPAL-X> * 11:20:30 Step      0 container[0] at 29.655 [um], t= 50.000 [ps], E=1.046 [eV]
OPAL-X[2]> * Wrote beam statistics.
OPAL-X> * 11:20:30 Step      1 container[0] at 59.310 [um], t= 100.000 [ps], E=1.184 [eV]
OPAL-X[2]> * Wrote beam statistics.
OPAL-X> * 11:20:30 Step      2 container[0] at 88.964 [um], t= 150.000 [ps], E=1.406 [eV]
OPAL-X[2]> * Wrote beam statistics.
OPAL-X> * 11:20:30 Step      3 container[0] at 118.619 [um], t= 200.000 [ps], E=1.702 [eV]
OPAL-X[2]> * Wrote beam statistics.
OPAL-X> * 11:20:30 Step      4 container[0] at 148.274 [um], t= 250.000 [ps], E=2.062 [eV]
OPAL-X[2]> * Wrote beam statistics.
OPAL-X> * 11:20:31 Step      5 container[0] at 177.929 [um], t= 300.000 [ps], E=2.471 [eV]
OPAL-X[2]> * Wrote beam statistics.
OPAL-X> * 11:20:31 Step      6 container[0] at 207.584 [um], t= 350.000 [ps], E=2.916 [eV]
OPAL-X[2]> * Wrote beam statistics.
OPAL-X> * 11:20:31 Step      7 container[0] at 237.238 [um], t= 400.000 [ps], E=3.385 [eV]
OPAL-X[2]> * Wrote beam statistics.
OPAL-X> * 11:20:31 Step      8 container[0] at 266.893 [um], t= 450.000 [ps], E=3.866 [eV]
OPAL-X[2]> * Wrote beam statistics.
OPAL-X> * 11:20:31 Step      9 container[0] at 296.548 [um], t= 500.000 [ps], E=4.350 [eV]
OPAL-X[2]> * Wrote beam statistics.
OPAL-X> * 11:20:31 Step     10 container[0] at 326.203 [um], t= 550.000 [ps], E=4.828 [eV]
OPAL-X[2]> * Wrote beam statistics.
OPAL-X> * 11:20:31 Step     11 container[0] at 355.858 [um], t= 600.000 [ps], E=5.293 [eV]
OPAL-X[2]> * Wrote beam statistics.
OPAL-X> * 11:20:31 Step     12 container[0] at 385.512 [um], t= 650.000 [ps], E=5.741 [eV]
OPAL-X[2]> * Wrote beam statistics.
OPAL-X> * 11:20:31 Step     13 container[0] at 415.167 [um], t= 700.000 [ps], E=6.168 [eV]
OPAL-X[2]> * Wrote beam statistics.
OPAL-X> * 11:20:31 Step     14 container[0] at 444.822 [um], t= 750.000 [ps], E=6.570 [eV]
OPAL-X[2]> * Wrote beam statistics.
OPAL-X> * 11:20:31 Step     15 container[0] at 474.477 [um], t= 800.000 [ps], E=6.947 [eV]
OPAL-X[2]> * Wrote beam statistics.
OPAL-X> * 11:20:31 Step     16 container[0] at 504.132 [um], t= 850.000 [ps], E=7.298 [eV]
OPAL-X[2]> * Wrote beam statistics.
OPAL-X> * 11:20:31 Step     17 container[0] at 533.786 [um], t= 900.000 [ps], E=7.622 [eV]
OPAL-X[2]> * Wrote beam statistics.
OPAL-X> * 11:20:31 Step     18 container[0] at 563.441 [um], t= 950.000 [ps], E=7.919 [eV]
OPAL-X[2]> * Wrote beam statistics.
OPAL-X> * 11:20:31 Step     19 container[0] at 593.096 [um], t= 1.000 [ns], E=8.191 [eV]
OPAL-X[2]> * Wrote beam statistics.
OPAL-X[2]> * Dump phase space of last step
OPAL-X> * D1 gone off
OPAL-X> 
OPAL-X> * Done executing ParallelTracker at 11:20:31
OPAL-X> 
OPAL-X> * End of input stream 'Drift-periodic.in'
Timings> ---------------------------------------------
Timings>      Timing results for 1 rank(s):
Timings> ---------------------------------------------
Timings> mainTimer........... Wall tot =   0.966422
Timings> 
Timings> Write Stat.......... Wall max =  0.0312452
Timings>                      Wall avg =  0.0312452
Timings>                      Wall min =  0.0312452
Timings> 
Timings> Write H5-File....... Wall max =  0.0809814
Timings>                      Wall avg =  0.0809814
Timings>                      Wall min =  0.0809814
Timings> 
Timings> samplingTime........ Wall max =  0.0197099
Timings>                      Wall avg =  0.0197099
Timings>                      Wall min =  0.0197099
Timings> 
Timings> Sampling............ Wall max = 0.00583229
Timings>                      Wall avg = 0.00583229
Timings>                      Wall min = 0.00583229
Timings> 
Timings> particleBC.......... Wall max = 0.00324027
Timings>                      Wall avg = 0.00324027
Timings>                      Wall min = 0.00324027
Timings> 
Timings> updateParticle...... Wall max =          0
Timings>                      Wall avg =          0
Timings>                      Wall min =          0
Timings> 
Timings> TIntegration1....... Wall max = 0.00131855
Timings>                      Wall avg = 0.00131855
Timings>                      Wall min = 0.00131855
Timings> 
Timings> TIntegration2....... Wall max = 0.00155093
Timings>                      Wall avg = 0.00155093
Timings>                      Wall min = 0.00155093
Timings> 
Timings> External field eval. Wall max = 0.00304696
Timings>                      Wall avg = 0.00304696
Timings>                      Wall min = 0.00304696
Timings> 
Timings> Binaryrepart........ Wall max =          0
Timings>                      Wall avg =          0
Timings>                      Wall min =          0
Timings> 
Timings> OrbThreader......... Wall max =   0.645258
Timings>                      Wall avg =   0.645258
Timings>                      Wall min =   0.645258
Timings> 
Timings> scatter............. Wall max = 0.00062767
Timings>                      Wall avg = 0.00062767
Timings>                      Wall min = 0.00062767
Timings> 
Timings> accumulateHalo...... Wall max = 0.00112176
Timings>                      Wall avg = 0.00112176
Timings>                      Wall min = 0.00112176
Timings> 
Timings> fillHalo............ Wall max = 0.00111666
Timings>                      Wall avg = 0.00111666
Timings>                      Wall min = 0.00111666
Timings> 
Timings> gather.............. Wall max = 0.000545271
Timings>                      Wall avg = 0.000545271
Timings>                      Wall min = 0.000545271
Timings> 
Timings> ---------------------------------------------
