merlin-g-100.psi.ch:rank0.opalx: Failed to modify UD QP to INIT on mlx5_2: Operation not permitted
merlin-g-100.psi.ch:rank0.opalx: Failed to modify UD QP to INIT on mlx5_0: Operation not permitted
merlin-g-100.psi.ch:rank0.opalx: Failed to modify UD QP to INIT on mlx5_1: Operation not permitted
merlin-g-100.psi.ch:rank0.opalx: Failed to modify UD QP to INIT on mlx5_2: Operation not permitted
merlin-g-100.psi.ch:rank0.opalx: Failed to modify UD QP to INIT on mlx5_3: Operation not permitted
merlin-g-100.psi.ch:rank0.opalx: Failed to modify UD QP to INIT on mlx5_4: Operation not permitted
merlin-g-100.psi.ch:rank0.opalx: Failed to modify UD QP to INIT on mlx5_5: Operation not permitted
merlin-g-100.psi.ch:rank0.opalx: Failed to modify UD QP to INIT on mlx5_6: Operation not permitted
merlin-g-100.psi.ch:rank0.opalx: Failed to modify UD QP to INIT on mlx5_7: Operation not permitted
merlin-g-100.psi.ch:rank0.opalx: Failed to modify UD QP to INIT on mlx5_8: Operation not permitted
merlin-g-100.psi.ch:rank0.opalx: Failed to modify UD QP to INIT on mlx5_2: Operation not permitted
merlin-g-100.psi.ch:rank0.opalx: Failed to modify UD QP to INIT on mlx5_0: Operation not permitted
merlin-g-100.psi.ch:rank0.opalx: Failed to modify UD QP to INIT on mlx5_1: Operation not permitted
merlin-g-100.psi.ch:rank0.opalx: Failed to modify UD QP to INIT on mlx5_2: Operation not permitted
merlin-g-100.psi.ch:rank0.opalx: Failed to modify UD QP to INIT on mlx5_3: Operation not permitted
merlin-g-100.psi.ch:rank0.opalx: Failed to modify UD QP to INIT on mlx5_4: Operation not permitted
merlin-g-100.psi.ch:rank0.opalx: Failed to modify UD QP to INIT on mlx5_5: Operation not permitted
merlin-g-100.psi.ch:rank0.opalx: Failed to modify UD QP to INIT on mlx5_6: Operation not permitted
merlin-g-100.psi.ch:rank0.opalx: Failed to modify UD QP to INIT on mlx5_7: Operation not permitted
merlin-g-100.psi.ch:rank0.opalx: Failed to modify UD QP to INIT on mlx5_8: Operation not permitted
merlin-g-100.psi.ch:rank0.opalx: Failed to modify UD QP to INIT on mlx5_2: Operation not permitted
merlin-g-100.psi.ch:rank0.opalx: Failed to modify UD QP to INIT on mlx5_0: Operation not permitted
merlin-g-100.psi.ch:rank0.opalx: Failed to modify UD QP to INIT on mlx5_1: Operation not permitted
merlin-g-100.psi.ch:rank0.opalx: Failed to modify UD QP to INIT on mlx5_2: Operation not permitted
merlin-g-100.psi.ch:rank0.opalx: Failed to modify UD QP to INIT on mlx5_3: Operation not permitted
merlin-g-100.psi.ch:rank0.opalx: Failed to modify UD QP to INIT on mlx5_4: Operation not permitted
merlin-g-100.psi.ch:rank0.opalx: Failed to modify UD QP to INIT on mlx5_5: Operation not permitted
merlin-g-100.psi.ch:rank0.opalx: Failed to modify UD QP to INIT on mlx5_6: Operation not permitted
merlin-g-100.psi.ch:rank0.opalx: Failed to modify UD QP to INIT on mlx5_7: Operation not permitted
merlin-g-100.psi.ch:rank0.opalx: Failed to modify UD QP to INIT on mlx5_8: Operation not permitted
merlin-g-100.psi.ch:rank0.opalx: Failed to modify UD QP to INIT on mlx5_2: Operation not permitted
OPAL-X>               ____  _____        _       __   __
OPAL-X> [1;32m
OPAL-X> 
OPAL-X>   ██████  ██████   █████  ██      ██   ██
OPAL-X>  ██    ██ ██   ██ ██   ██ ██       ██ ██
OPAL-X>  ██    ██ ██████  ███████ ██        ███
OPAL-X>  ██    ██ ██      ██   ██ ██       ██ ██
OPAL-X>   ██████  ██      ██   ██ ███████ ██   ██
OPAL-X> 
OPAL-X>          This is OPALX (Object Oriented Parallel Accelerator Library for Exascale)
OPAL-X> 
OPAL-X> [0m
OPAL-X> 
OPAL-X> OPALX is the performance portable version of OPAL :: Version 0.9
OPAL-X>             git rev. f8123a3644151ab7fba8f2268e38acc12460e561
OPAL-X> 
OPAL-X> 
OPAL-X>              (c) PSI, https://github.com/OPALX-project/OPALX
OPAL-X> 
OPAL-X> 
OPAL-X> Please send cookies, goodies or other motivations (wine and beer ... ) 
OPAL-X> to the OPAL developers https://github.com/OPALX-project/OPALX/issues
OPAL-X> 
OPAL-X> Time: 11:19:30 date: 08/04/2026
OPAL-X> 
OPAL-X> * Host:   Serial
OPAL-X> * Device: Cuda
OPAL-X> 
OPAL-X> * Reading input stream 'Dist-gauss.in'
OPAL-X> 
OPAL-X> value: {OPALVERSION} = {900}
OPAL-X> 
OPAL-X> 
OPAL-X> value: {EDES,P0} = {0.01, 0.0104986}
OPAL-X> 
OPAL-X> * ************* F I E L D S O L V E R ********************************************** 
OPAL-X> * FIELDSOLVER  FS1
OPAL-X> * BINS         NONE
OPAL-X> * TYPE         NONE
OPAL-X> * RANKS        1
OPAL-X> * NX           32
OPAL-X> * NY           32
OPAL-X> * NZ           32
OPAL-X> * BBOXINCR     5
OPAL-X> * GREENSF      STANDARD
OPAL-X> * XDIM         parallel  
OPAL-X> * YDIM         parallel  
OPAL-X> * ZDIM         serial  
OPAL-X> * ********************************************************************************** 
OPAL-X> 
OPAL-X> * RUN resolved beams: BEAM1
OPAL-X> * ************* B E A M ************************************************************ 
OPAL-X> * BEAM        BEAM1
OPAL-X> * PARTICLE    ELECTRON
OPAL-X> * REST MASS   0.000510999 [GeV]
OPAL-X> * CHARGE      -e * 1 
OPAL-X> * MOMENTUM    1.04986e+07 [eV/c]
OPAL-X> * MOMENTUM    0.0104986 [GeV/c]
OPAL-X> * CURRENT     1.3 [A]
OPAL-X> * FREQUENCY   1.3e+09 [MHz]
OPAL-X> * NPART       100000
OPAL-X> * ********************************************************************************** 
OPAL-X> 
OPAL-X[2]> * Beam[0] BEAM1 macro charge per particle [C]: -1e-20
OPAL-X[2]> * Beam[0] BEAM1 macro mass per particle [GeV/c^2]: 3.1894e-05
OPAL-X[2]> * Beam[0] BEAM1 particles per macro particle: 0.0624151
OPAL-X> 
OPAL-X> * Creating new file for data: 'Dist-gauss.stat'
OPAL-X> * Creating new file for data: 'Dist-gauss.lbal'
PartBunch::setSolver[2]> Initializing solver: NONE
PartBunch::setBins[2]> Solver FS1 has no binning command attached, not using binning.
PartBunch::pre_run[2]> Starting pre_run...
OPAL-X[2]> * BCHandler<3>: [OPEN, OPEN, OPEN]
OPAL-X[2]> * Particle sampling / sampler setup for all emission sources done.
OPAL-X> 
OPAL-X> * ************** B U N C H ********************************************************* 
OPAL-X> * CONTAINER       = 0
OPAL-X> * PARTICLES       = 100000
OPAL-X> * CHARGE          = -1.000000e-15 (Cb) 
OPAL-X> * QM STORAGE MODE = SINGLE
OPAL-X> * <EKIN>          = 10.000 [MeV]
OPAL-X> * <dEKIN>         = 161.680 [eV]
OPAL-X> * INTEGRATOR      = LF2
OPAL-X> * MIN R (origin)  = (     -2.99710 ,    -14.97328 ,    -29.96615 ) [mm]
OPAL-X> * MAX R (max ext) = (      3.00226 ,     15.01053 ,     29.99338 ) [mm]
OPAL-X> * RMS R           = (      0.98853 ,      4.93578 ,      9.85612 ) [mm]
OPAL-X> * RMS P           = ( 1.004353e-06 , 9.966243e-07 , 1.001730e-06 ) [beta gamma]
OPAL-X> * Mean R          = ( 7.355228e-21 , -1.570966e-19 , -1.376677e-19 ) [m]
OPAL-X> * Mean P          = ( -1.579284e-09 , 6.002759e-09 , 2.054519e+01 ) [beta gamma]
OPAL-X> * MESH SPACING    = (      0.20623 ,      1.03069 ,      2.06111 ) [mm]
OPAL-X> * COMPDOM INCR    = 5.000000e+00 (%) 
OPAL-X> * FIELD LAYOUT    = Domain = {[0:31:1],[0:31:1],[0:31:1]}
OPAL-X> Total number of boxes = 1
OPAL-X>     Box 0 {[0:31:1],[0:31:1],[0:31:1]}
OPAL-X> 
OPAL-X> * Centroid : 
OPAL-X> * 7.355228e-16 -1.579284e-04 -1.570966e-14 6.002759e-04 -1.376677e-14 2.054519e+06 
OPAL-X> * Cov Matrix : 
OPAL-X> * 9.771912e-07 -5.144437e-13 -1.186708e-08 -1.935865e-12 -7.026138e-09 1.420498e-13 
OPAL-X> * -5.144437e-13 1.008725e-12 2.416565e-11 3.782374e-15 2.501792e-13 2.035653e-15 
OPAL-X> * -1.186708e-08 2.416565e-11 2.436192e-05 1.002247e-11 -2.763338e-07 -2.427684e-11 
OPAL-X> * -1.935865e-12 3.782374e-15 1.002247e-11 9.932599e-13 -1.704061e-12 -5.911173e-16 
OPAL-X> * -7.026138e-09 2.501792e-13 -2.763338e-07 -1.704061e-12 9.714313e-05 -8.031760e-12 
OPAL-X> * 1.420498e-13 2.035653e-15 -2.427684e-11 -5.911173e-16 -8.031760e-12 1.003462e-12 
OPAL-X> * * ********************************************************************************** 
OPAL-X> 
OPAL-X> * D1 gone live
ParallelTracker::execute[2]> Dump initial phase space done.
OPAL-X> * OrbitThreader dt_m= 5e-11
OPAL-X> * OrbitThreader maxDistance= 0.149719
OPAL-X> * OrbitThreader #elements  = 1
OPAL-X> 
OPAL-X> * Size of map 1 sections 
OPAL-X> * Key: (0.000000 - 1.003117) number of overlapping elements 1
OPAL-X> *                            D1
OPAL-X> 
OPAL-X> * Creating new file for data: 'data/Dist-gauss_ElementPositions.sdds'
OPAL-X> * Track start at: 11:19:31, t= 0.000 [fs]; zstart at: 0.000 [um]
OPAL-X> * Initial dt = 50.000 [ps]
OPAL-X> * Max integration steps = 1, next step = 0
OPAL-X>                dt [ns]           zStop [m]        num Steps [1]
OPAL-X> ->         5.000000e-11        1.000000e+00                   1
PartBunch::performBunchSanityChecks[2]> ========= Done performing PartBunch sanity checks... =========
ParallelTracker::execute[2]> Starting track with dt = 50.000 [ps], track steps = 0 to 1.
OPAL-X> * 11:19:31 Step      0 container[0] at 14.972 [mm], t= 50.000 [ps], E=10.000 [MeV]
OPAL-X[2]> * Wrote beam statistics.
OPAL-X[2]> * Dump phase space of last step
OPAL-X> * D1 gone off
OPAL-X> 
OPAL-X> * Done executing ParallelTracker at 11:19:31
OPAL-X> 
OPAL-X> * End of input stream 'Dist-gauss.in'
Timings> ---------------------------------------------
Timings>      Timing results for 1 rank(s):
Timings> ---------------------------------------------
Timings> mainTimer........... Wall tot =   0.169162
Timings> 
Timings> Write Stat.......... Wall max = 0.00219037
Timings>                      Wall avg = 0.00219037
Timings>                      Wall min = 0.00219037
Timings> 
Timings> Write H5-File....... Wall max =  0.0818159
Timings>                      Wall avg =  0.0818159
Timings>                      Wall min =  0.0818159
Timings> 
Timings> samplingTime........ Wall max =  0.0196132
Timings>                      Wall avg =  0.0196132
Timings>                      Wall min =  0.0196132
Timings> 
Timings> Sampling............ Wall max = 0.00623087
Timings>                      Wall avg = 0.00623087
Timings>                      Wall min = 0.00623087
Timings> 
Timings> particleBC.......... Wall max = 0.000214125
Timings>                      Wall avg = 0.000214125
Timings>                      Wall min = 0.000214125
Timings> 
Timings> updateParticle...... Wall max =          0
Timings>                      Wall avg =          0
Timings>                      Wall min =          0
Timings> 
Timings> TIntegration1....... Wall max = 0.000128483
Timings>                      Wall avg = 0.000128483
Timings>                      Wall min = 0.000128483
Timings> 
Timings> TIntegration2....... Wall max = 0.000114036
Timings>                      Wall avg = 0.000114036
Timings>                      Wall min = 0.000114036
Timings> 
Timings> External field eval. Wall max = 0.000156487
Timings>                      Wall avg = 0.000156487
Timings>                      Wall min = 0.000156487
Timings> 
Timings> Binaryrepart........ Wall max =          0
Timings>                      Wall avg =          0
Timings>                      Wall min =          0
Timings> 
Timings> OrbThreader......... Wall max = 0.00615158
Timings>                      Wall avg = 0.00615158
Timings>                      Wall min = 0.00615158
Timings> 
Timings> ---------------------------------------------
