OPAL-X[5]> Couldn't find startup file '/Users/rammann/init.opal'
OPAL-X[5]> Note: this is not mandatory for an OPAL simulation!
OPAL-X[5]> 
OPAL-X>               ____  _____        _       __   __
OPAL-X> [1;32m
OPAL-X> 
OPAL-X>   ██████  ██████   █████  ██      ██   ██
OPAL-X>  ██    ██ ██   ██ ██   ██ ██       ██ ██
OPAL-X>  ██    ██ ██████  ███████ ██        ███
OPAL-X>  ██    ██ ██      ██   ██ ██       ██ ██
OPAL-X>   ██████  ██      ██   ██ ███████ ██   ██
OPAL-X> 
OPAL-X>          This is OPALX (Object Oriented Parallel Accelerator Library for Exascale)
OPAL-X> 
OPAL-X> [0m
OPAL-X> 
OPAL-X> OPALX is the performance portable version of OPAL :: Version 0.9
OPAL-X>             git rev. 9688c9ef687d1f3fff87c3d7a338293d024d3198
OPAL-X> 
OPAL-X> 
OPAL-X>              (c) PSI, https://github.com/OPALX-project/OPALX
OPAL-X> 
OPAL-X> 
OPAL-X> Please send cookies, goodies or other motivations (wine and beer ... ) 
OPAL-X> to the OPAL developers https://github.com/OPALX-project/OPALX/issues
OPAL-X> 
OPAL-X> Time: 11:04:12 date: 01/04/2026
OPAL-X> 
OPAL-X> * Host:   Serial
OPAL-X> * Device: Serial execution
OPAL-X> 
OPAL-X> * Reading input stream 'Dist-multivariate.in'
OPAL-X> 
OPAL-X> value: {OPALVERSION} = {900}
OPAL-X> 
OPAL-X> 
OPAL-X> value: {EDES,P0} = {1e-06, 3.19843e-05}
OPAL-X> 
OPAL-X> * Use r to specify correlations
OPAL-X> * ************* F I E L D S O L V E R ********************************************** 
OPAL-X> * FIELDSOLVER  FS1
OPAL-X> * BINS         NONE
OPAL-X> * TYPE         NONE
OPAL-X> * RANKS        1
OPAL-X> * NX           8
OPAL-X> * NY           8
OPAL-X> * NZ           8
OPAL-X> * BBOXINCR     1
OPAL-X> * GREENSF      INTEGRATED
OPAL-X> * XDIM         parallel  
OPAL-X> * YDIM         parallel  
OPAL-X> * ZDIM         serial  
OPAL-X> * ********************************************************************************** 
OPAL-X> 
OPAL-X> * RUN resolved beams: BEAM1
OPAL-X> * ************* B E A M ************************************************************ 
OPAL-X> * BEAM        BEAM1
OPAL-X> * PARTICLE    ELECTRON
OPAL-X> * REST MASS   0.000510999 [GeV]
OPAL-X> * CHARGE      -e * 1 
OPAL-X> * MOMENTUM    31984.3 [eV/c]
OPAL-X> * MOMENTUM    3.19843e-05 [GeV/c]
OPAL-X> * CURRENT     1.3e+06 [A]
OPAL-X> * FREQUENCY   1.3e+09 [MHz]
OPAL-X> * NPART       1e+06
OPAL-X> * ********************************************************************************** 
OPAL-X> 
OPAL-X[2]> * Beam[0] BEAM1 macro charge per particle [C]: -1e-15
OPAL-X[2]> * Beam[0] BEAM1 macro mass per particle [GeV/c^2]: 3.1894
OPAL-X[2]> * Beam[0] BEAM1 particles per macro particle: 6241.51
OPAL-X> 
OPAL-X> * Creating new file for data: 'Dist-multivariate.stat'
OPAL-X> * Creating new file for data: 'Dist-multivariate.lbal'
OPAL-X[3]> * Sum of per-distribution NPARTDIST over all emission sources = 1000000, BEAM::NPART = 1000000
PartBunch::PartBunch[4]> PartBunch Constructor
PartBunch::PartBunch[5]> * FieldContainer set to isAllPeriodic = 0
OPAL-X[3]> * Container 0: 1000003 particles created and destroyed. Bunch allocated.
PartBunch::setSolver[2]> Initializing solver: NONE
FieldContainer::initializeFields[3]> Mesh spacing = ( 0.75 , 0.75 , 0.75 )
FieldContainer::initializeFields[3]> Origin       = ( -3 , -3 , -3 )
FieldContainer::initializeFields[3]> FL           = Domain = {[0:7:1],[0:7:1],[0:7:1]}
FieldContainer::initializeFields[3]> Total number of boxes = 1
FieldContainer::initializeFields[3]>     Box 0 {[0:7:1],[0:7:1],[0:7:1]}
FieldContainer::initializeFields[3]> 
FieldContainer::initializeFields[3]> E_m, rho_m field initialized.
PartBunch::setBins[2]> Solver FS1 has no binning command attached, not using binning.
FieldSolver::setPotentialBCs[3]> Potential BCs only need to be set for CG solver. Current solver type: NONE
PartBunch::setSolver[4]> Binned field solver set (binned or legacy at runtime).
FieldSolver::initSolverWithParams[3]> Initialized solver with params: NONE
FieldSolver::initSolverWithParams[5]> Set solver RHS.
FieldSolver::initSolverWithParams[4]> Set solver RHS+LHS.
PartBunch::setSolver[4]> Field solver initialized.
PartBunch::setSolver[3]> Solver and Load Balancer set.
PartBunch::pre_run[2]> Starting pre_run...
PartBunch::pre_run[4]> Rho initialized to zero.
FieldSolver::runSolver[3]> Running solver with type: NONE. Force skip field dump: 1
PartBunch::pre_run[4]> Field solver ran during pre_run.
PartBunch::pre_run[4]> Call counter reset. pre_run done.
PartBunch::PartBunch[5]> * PartBunch constructor done.
OPAL-X[2]> * BCHandler<3>: [OPEN, OPEN, OPEN]
OPAL-X[5]> sysconf(_SC_NPROCESSORS_ONLN)= 10
OPAL-X[5]> MPI_Comm_size= 1
OPAL-X> * Use r to specify correlations
OPAL-X[2]> * Particle sampling / sampler setup for all emission sources done.
PartBunch::bunchUpdate[4]> Updating bunch and doing repartitioning if needed.
PartBunch::bunchUpdate[3]> Field Container updated with new mesh boundaries and spacing:
PartBunch::bunchUpdate[3]> 		> Mesh origin:   ( -0.305992 , -0.0385753 , -0.00367934 )
PartBunch::bunchUpdate[3]> 		> Mesh spacing:  ( 0.0764989 , 0.00964433 , 0.000919426 )
PartBunch::bunchUpdate[3]> 		> Box increment: 1%
PartBunch::bunchUpdate[5]> Particle container 0 updated with new layout.
PartBunch::bunchUpdate[5]> Load balancer repartitioning done.
PartBunch::bunchUpdate[5]> Moments updated for all particle containers.
OPAL-X> 
OPAL-X> * ************** B U N C H ********************************************************* 
OPAL-X> * CONTAINER       = 0
OPAL-X> * PARTICLES       = 1000000
OPAL-X> * CHARGE          = -1.000000e-09 (Cb) 
OPAL-X> * QM STORAGE MODE = SINGLE
OPAL-X> * <EKIN>          = 1.026 [keV]
OPAL-X> * <dEKIN>         = 71.483 [keV]
OPAL-X> * INTEGRATOR      = LF2
OPAL-X> * MIN R (origin)  = (   -299.99218 ,    -37.81884 ,     -3.60723 ) [mm]
OPAL-X> * MAX R (max ext) = (    299.99929 ,     37.82298 ,      3.60395 ) [mm]
OPAL-X> * RMS R           = (     98.65342 ,      9.85259 ,      0.98742 ) [mm]
OPAL-X> * RMS P           = ( 9.865211e-03 , 9.865762e-04 , 1.975548e-03 ) [beta gamma]
OPAL-X> * Mean R          = ( 8.295990e-06 , 1.228902e-05 , 3.812643e-07 ) [m]
OPAL-X> * Mean P          = ( 1.492626e-05 , 1.929679e-06 , 6.259246e-02 ) [beta gamma]
OPAL-X> * MESH SPACING    = (     76.49891 ,      9.64433 ,      0.91943 ) [mm]
OPAL-X> * COMPDOM INCR    = 1.000000e+00 (%) 
OPAL-X> * FIELD LAYOUT    = Domain = {[0:7:1],[0:7:1],[0:7:1]}
OPAL-X> Total number of boxes = 1
OPAL-X>     Box 0 {[0:7:1],[0:7:1],[0:7:1]}
OPAL-X> 
OPAL-X> * Centroid : 
OPAL-X> * 8.295990e+00 1.492626e+01 1.228902e+01 1.929679e+00 3.812643e-01 6.259246e+04 
OPAL-X> * Cov Matrix : 
OPAL-X> * 9.732497e-03 9.823446e-05 3.890805e-04 8.874077e-06 3.567115e-07 9.775057e-05 
OPAL-X> * 9.823446e-05 9.732239e-05 3.988923e-06 4.830198e-08 1.531228e-08 2.812380e-07 
OPAL-X> * 3.890805e-04 3.988923e-06 9.707343e-05 1.582266e-08 3.109485e-08 8.775190e-06 
OPAL-X> * 8.874077e-06 4.830198e-08 1.582266e-08 9.733326e-07 2.439122e-07 3.948155e-08 
OPAL-X> * 3.567115e-07 1.531228e-08 3.109485e-08 2.439122e-07 9.749898e-07 7.163397e-09 
OPAL-X> * 9.775057e-05 2.812380e-07 8.775190e-06 3.948155e-08 7.163397e-09 3.902791e-06 
OPAL-X> * * ********************************************************************************** 
OPAL-X> 
ParallelTracker::execute[3]> Initialized Boris pusher.
ParallelTracker::execute[3]> Selected minimum time step from configuration: 1e-12
OPAL-X> * D1 gone live
ParallelTracker::execute[3]> Activated all beamline elements.
ParallelTracker::execute[4]> Transformed reference particle position and momentum to lab frame (all containers).
ParallelTracker::execute[4]> Initial bunch bounds:
ParallelTracker::execute[4]>   rmin = ( -0.299992 , -0.0378188 , -0.00360723 )
ParallelTracker::execute[4]>   rmax = ( 0.299999 , 0.037823 , 0.00360395 )
ParallelTracker::execute[3]> ParallelTrack (container 0): momentum z = 0.0625925
ParallelTracker::execute[3]> RefPartR (container 0) = ( 0 , 0 , 0 )
ParallelTracker::execute[3]> RefPartP (container 0) = ( 1.49263e-05 , 1.92968e-06 , 0.0625925 )
ParallelTracker::writePhaseSpace[5]> Bunch bounds in REFERENCE frame: rmin = ( -3 , -3 , -3 ), rmax = ( 3 , 3 , 3 )
ParallelTracker::execute[2]> Dump initial phase space done.
OPAL-X> * OrbitThreader dt_m= 1e-12
OPAL-X> * OrbitThreader maxDistance= 0.000187281
OPAL-X> * OrbitThreader #elements  = 1
OPAL-X> 
OPAL-X> * Size of map 1 sections 
OPAL-X> * Key: (0.000000 - 1.000005) number of overlapping elements 1
OPAL-X> *                            D1
OPAL-X> 
OPAL-X> * Creating new file for data: 'data/Dist-multivariate_ElementPositions.sdds'
ParallelTracker::execute[4]> Orbit threader execution done.
ParallelTracker::execute[4]> Set time view of particle bunch.
ParallelTracker::execute[4]> Reset bunch time to 0.
OPAL-X> * Track start at: 11:04:13, t= 0.000 [fs]; zstart at: 0.000 [um]
OPAL-X> * Initial dt = 1.000 [ps]
OPAL-X> * Max integration steps = 1, next step = 0
OPAL-X>                dt [ns]           zStop [m]        num Steps [1]
OPAL-X> ->         1.000000e-12        1.000000e+00                   1
PartBunch::performBunchSanityChecks[4]> ========== Performing sanity checks on PartBunch... ==========
PartBunch::performBunchSanityChecks[4]> BC Handler initialized properly.
PartBunch::performBunchSanityChecks[4]> Field Solver object was initialized.
PartBunch::performBunchSanityChecks[4]> FieldSolver internal field pointers are set.
PartBunch::performBunchSanityChecks[4]> FieldSolver fields match FieldContainer.
PartBunch::performBunchSanityChecks[4]> FieldSolver type: NONE
PartBunch::performBunchSanityChecks[4]> E-field layout initialized.
PartBunch::performBunchSanityChecks[2]> ========= Done performing PartBunch sanity checks... =========
ParallelTracker::execute[5]> >>>>>>>>>>>>>>>>>> Starting Tracking Loop >>>>>>>>>>>>>>>>>>
ParallelTracker::changeDT[5]> Changed particle container time step to 1e-12.
ParallelTracker::execute[2]> Starting track with dt = 1.000 [ps], track steps = 0 to 1.
PartBunch::calcBeamParameters[5]> Moments updated.
PartBunch::calcBeamParameters[5]> Local moments calculated.
PartBunch::calcBeamParameters[5]> Global moments calculated.
PartBunch::calcBeamParameters[5]> Local min/max calculated.
PartBunch::calcBeamParameters[5]> Global min/max calculated.
OPAL-X[4]> * Switched to unitless positions.
OPAL-X[4]> * Switched to physical positions.
ParallelTracker::timeIntegration1[4]> Push particles done.
ParallelTracker::execute[4]> timeIntegration1 done at step 0.
PartBunch::bunchUpdate[4]> Updating bunch and doing repartitioning if needed.
PartBunch::bunchUpdate[3]> Field Container updated with new mesh boundaries and spacing:
PartBunch::bunchUpdate[3]> 		> Mesh origin:   ( -0.305991 , -0.0385753 , -0.00367019 )
PartBunch::bunchUpdate[3]> 		> Mesh spacing:  ( 0.0764988 , 0.00964433 , 0.000919428 )
PartBunch::bunchUpdate[3]> 		> Box increment: 1%
PartBunch::bunchUpdate[5]> Particle container 0 updated with new layout.
PartBunch::bunchUpdate[5]> Load balancer repartitioning done.
PartBunch::bunchUpdate[5]> Moments updated for all particle containers.
ParallelTracker::execute[5]> Bunch updated after timeIntegration1.
ParallelTracker::execute[4]> E and B fields reset at step 0.
PartBunch::calcBeamParameters[5]> Moments updated.
PartBunch::calcBeamParameters[5]> Local moments calculated.
PartBunch::calcBeamParameters[5]> Global moments calculated.
PartBunch::calcBeamParameters[5]> Local min/max calculated.
PartBunch::calcBeamParameters[5]> Global min/max calculated.
ParallelTracker::computeSpaceChargeFields[4]> Calculate beam parameters done.
ParallelTracker::computeSpaceChargeFields[4]> Transform particle positions to beam coordinate system done.
PartBunch::bunchUpdate[4]> Updating bunch and doing repartitioning if needed.
PartBunch::bunchUpdate[3]> Field Container updated with new mesh boundaries and spacing:
PartBunch::bunchUpdate[3]> 		> Mesh origin:   ( -0.305991 , -0.0385754 , -0.00364695 )
PartBunch::bunchUpdate[3]> 		> Mesh spacing:  ( 0.0764988 , 0.00964434 , 0.000913442 )
PartBunch::bunchUpdate[3]> 		> Box increment: 1%
PartBunch::bunchUpdate[5]> Particle container 0 updated with new layout.
PartBunch::bunchUpdate[5]> Load balancer repartitioning done.
PartBunch::bunchUpdate[5]> Moments updated for all particle containers.
ParallelTracker::computeSpaceChargeFields[5]> Bunch updated for positions in beam coordinate system.
BinnedFieldSolver::computeSelfFields[5]> Skipping scatter/gather and self-field computation for NONE solver.
ParallelTracker::computeSpaceChargeFields[3]> Compute self fields done.
ParallelTracker::computeSpaceChargeFields[5]> Transform particle positions back to reference coordinate system done.
ParallelTracker::computeSpaceChargeFields[5]> Rotate E fields back to reference coordinate system done.
ParallelTracker::computeSpaceChargeFields[5]> Rotate B fields back to reference coordinate system done. ComputeSelfFields done.
PartBunch::bunchUpdate[4]> Updating bunch and doing repartitioning if needed.
PartBunch::bunchUpdate[3]> Field Container updated with new mesh boundaries and spacing:
PartBunch::bunchUpdate[3]> 		> Mesh origin:   ( -0.305991 , -0.0385753 , -0.00367019 )
PartBunch::bunchUpdate[3]> 		> Mesh spacing:  ( 0.0764988 , 0.00964433 , 0.000919428 )
PartBunch::bunchUpdate[3]> 		> Box increment: 1%
PartBunch::bunchUpdate[5]> Particle container 0 updated with new layout.
PartBunch::bunchUpdate[5]> Load balancer repartitioning done.
PartBunch::bunchUpdate[5]> Moments updated for all particle containers.
ParallelTracker::computeSpaceChargeFields[5]> Bunch updated for positions in reference coordinate system.
ParallelTracker::execute[4]> Space charge field computation done at step 0.
ParallelTracker::execute[4]> External field computation done at step 0.
ParallelTracker::kickParticles[5]> Got particle views for kick operation.
ParallelTracker::kickParticles[5]> Completed parallel kick operation.
ParallelTracker::timeIntegration2[4]> Kick particles done.
OPAL-X[4]> * Switched to unitless positions.
OPAL-X[4]> * Switched to physical positions.
ParallelTracker::timeIntegration2[4]> Push particles done.
ParallelTracker::execute[4]> timeIntegration2 done at step 0.
PartBunch::bunchUpdate[4]> Updating bunch and doing repartitioning if needed.
PartBunch::bunchUpdate[3]> Field Container updated with new mesh boundaries and spacing:
PartBunch::bunchUpdate[3]> 		> Mesh origin:   ( -0.305989 , -0.0385754 , -0.00366103 )
PartBunch::bunchUpdate[3]> 		> Mesh spacing:  ( 0.0764987 , 0.00964432 , 0.000919431 )
PartBunch::bunchUpdate[3]> 		> Box increment: 1%
PartBunch::bunchUpdate[5]> Particle container 0 updated with new layout.
PartBunch::bunchUpdate[5]> Load balancer repartitioning done.
PartBunch::bunchUpdate[5]> Moments updated for all particle containers.
ParallelTracker::execute[5]> Bunch updated after timeIntegration2.
ParallelTracker::execute[4]> Emit particles from emission sources done at step 0.
PartBunch::bunchUpdate[4]> Updating bunch and doing repartitioning if needed.
PartBunch::bunchUpdate[3]> Field Container updated with new mesh boundaries and spacing:
PartBunch::bunchUpdate[3]> 		> Mesh origin:   ( -0.305989 , -0.0385754 , -0.00366103 )
PartBunch::bunchUpdate[3]> 		> Mesh spacing:  ( 0.0764987 , 0.00964432 , 0.000919431 )
PartBunch::bunchUpdate[3]> 		> Box increment: 1%
PartBunch::bunchUpdate[5]> Particle container 0 updated with new layout.
PartBunch::bunchUpdate[5]> Load balancer repartitioning done.
PartBunch::bunchUpdate[5]> Moments updated for all particle containers.
ParallelTracker::execute[5]> Bunch updated after emission.
ParallelTracker::execute[5]> Set time view of particle bunch to dt = 1.000 [ps].
ParallelTracker::execute[5]> Selected new time step for next iteration, back_track = 0.
ParallelTracker::execute[5]> Incremented bunch time to 1.000 [ps].
ParallelTracker::updateReference[5]> Updated reference particles.
ParallelTracker::execute[4]> Updated reference particle at step 0.
ParallelTracker::execute[4]> Current path length is 1.87281e-05.
OPAL-X> * 11:04:13 Step      0 at 18.728 [um], t= 1.000 [ps], E=1.026 [keV]
ParallelTracker::writePhaseSpace[5]> Bunch bounds in REFERENCE frame: rmin = ( -0.299991 , -0.0378189 , -0.00359807 ), rmax = ( 0.3 , 0.0378229 , 0.00361313 )
ParallelTracker::writePhaseSpace[5]> External fields in REFERENCE frame: externalE = ( 0 , 0 , 0 ), externalB = ( 0 , 0 , 0 )
PartBunch::calcBeamParameters[5]> Moments updated.
PartBunch::calcBeamParameters[5]> Local moments calculated.
PartBunch::calcBeamParameters[5]> Global moments calculated.
PartBunch::calcBeamParameters[5]> Local min/max calculated.
PartBunch::calcBeamParameters[5]> Global min/max calculated.
PartBunch::calcBeamParameters[5]> Moments updated.
PartBunch::calcBeamParameters[5]> Local moments calculated.
PartBunch::calcBeamParameters[5]> Global moments calculated.
PartBunch::calcBeamParameters[5]> Local min/max calculated.
PartBunch::calcBeamParameters[5]> Global min/max calculated.
OPAL-X[2]> * Wrote beam statistics.
ParallelTracker::execute[5]> Track steps incremented.
ParallelTracker::execute[4]> Calculated drift per time step: 18.728 [um].
ParallelTracker::writePhaseSpace[5]> Bunch bounds in REFERENCE frame: rmin = ( -0.299989 , -0.037819 , -0.00358488 ), rmax = ( 0.300001 , 0.0378228 , 0.00357939 )
ParallelTracker::writePhaseSpace[5]> External fields in REFERENCE frame: externalE = ( 0 , 0 , 0 ), externalB = ( 0 , 0 , 0 )
PartBunch::calcBeamParameters[5]> Moments updated.
PartBunch::calcBeamParameters[5]> Local moments calculated.
PartBunch::calcBeamParameters[5]> Global moments calculated.
PartBunch::calcBeamParameters[5]> Local min/max calculated.
PartBunch::calcBeamParameters[5]> Global min/max calculated.
OPAL-X[3]> * Wrote beam phase space.
OPAL-X[2]> * Dump phase space of last step
OPAL-X> * D1 gone off
OPAL-X> 
OPAL-X> * Done executing ParallelTracker at 11:04:13
OPAL-X> 
OPAL-X> * End of input stream 'Dist-multivariate.in'
Timings> ---------------------------------------------
Timings>      Timing results for 1 rank(s):
Timings> ---------------------------------------------
Timings> mainTimer........... Wall tot =    1.25974
Timings> 
Timings> Write Stat.......... Wall max =   0.000295
Timings>                      Wall avg =   0.000295
Timings>                      Wall min =   0.000295
Timings> 
Timings> Write H5-File....... Wall max =   0.058688
Timings>                      Wall avg =   0.058688
Timings>                      Wall min =   0.058688
Timings> 
Timings> samplingTime........ Wall max =   0.722053
Timings>                      Wall avg =   0.722053
Timings>                      Wall min =   0.722053
Timings> 
Timings> Sampling............ Wall max =   0.721782
Timings>                      Wall avg =   0.721782
Timings>                      Wall min =   0.721782
Timings> 
Timings> particleBC.......... Wall max =   0.009894
Timings>                      Wall avg =   0.009894
Timings>                      Wall min =   0.009894
Timings> 
Timings> updateParticle...... Wall max =          0
Timings>                      Wall avg =          0
Timings>                      Wall min =          0
Timings> 
Timings> TIntegration1....... Wall max =   0.002386
Timings>                      Wall avg =   0.002386
Timings>                      Wall min =   0.002386
Timings> 
Timings> TIntegration2....... Wall max =   0.005639
Timings>                      Wall avg =   0.005639
Timings>                      Wall min =   0.005639
Timings> 
Timings> External field eval. Wall max =   0.005065
Timings>                      Wall avg =   0.005065
Timings>                      Wall min =   0.005065
Timings> 
Timings> Binaryrepart........ Wall max =          0
Timings>                      Wall avg =          0
Timings>                      Wall min =          0
Timings> 
Timings> OrbThreader......... Wall max =    0.02063
Timings>                      Wall avg =    0.02063
Timings>                      Wall min =    0.02063
Timings> 
Timings> ---------------------------------------------
