OPAL-X>               ____  _____        _       __   __
OPAL-X> [1;32m
OPAL-X> 
OPAL-X>   ██████  ██████   █████  ██      ██   ██
OPAL-X>  ██    ██ ██   ██ ██   ██ ██       ██ ██
OPAL-X>  ██    ██ ██████  ███████ ██        ███
OPAL-X>  ██    ██ ██      ██   ██ ██       ██ ██
OPAL-X>   ██████  ██      ██   ██ ███████ ██   ██
OPAL-X> 
OPAL-X>          This is OPALX (Object Oriented Parallel Accelerator Library for Exascale)
OPAL-X> 
OPAL-X> [0m
OPAL-X> 
OPAL-X> OPALX is the performance portable version of OPAL :: Version 0.9
OPAL-X>             git rev. f8123a3644151ab7fba8f2268e38acc12460e561
OPAL-X> 
OPAL-X> 
OPAL-X>              (c) PSI, https://github.com/OPALX-project/OPALX
OPAL-X> 
OPAL-X> 
OPAL-X> Please send cookies, goodies or other motivations (wine and beer ... ) 
OPAL-X> to the OPAL developers https://github.com/OPALX-project/OPALX/issues
OPAL-X> 
OPAL-X> Time: 19:08:32 date: 08/04/2026
OPAL-X> 
OPAL-X> * Host:   Serial
OPAL-X> * Device: Cuda
OPAL-X> 
OPAL-X> * Reading input stream 'Dist-gauss-bins.in'
OPAL-X> 
OPAL-X> value: {OPALVERSION} = {900}
OPAL-X> 
OPAL-X> 
OPAL-X> value: {EDES,P0} = {1e-09, 1.01094e-06}
OPAL-X> 
OPAL-X> * ************* F I E L D S O L V E R ********************************************** 
OPAL-X> * FIELDSOLVER  FS1
OPAL-X> * BINS         BINS1
OPAL-X> * TYPE         NONE
OPAL-X> * RANKS        1
OPAL-X> * NX           32
OPAL-X> * NY           32
OPAL-X> * NZ           32
OPAL-X> * BBOXINCR     5
OPAL-X> * GREENSF      STANDARD
OPAL-X> * XDIM         parallel  
OPAL-X> * YDIM         parallel  
OPAL-X> * ZDIM         serial  
OPAL-X> * ********************************************************************************** 
OPAL-X> 
OPAL-X> * ************* B I N N I N G ****************************************************** 
OPAL-X> * BINNING        BINS1
OPAL-X> * MAXBINS        120
OPAL-X> * DESIREDWIDTH   0.2
OPAL-X> * BINNINGALPHA   1.1
OPAL-X> * BINNINGBETA    1.6
OPAL-X> * PARAMETER      VELOCITYZ
OPAL-X> * TABLEPRINTFREQ 10
OPAL-X> * ********************************************************************************** 
OPAL-X> 
OPAL-X> * RUN resolved beams: BEAM1
OPAL-X> * ************* B E A M ************************************************************ 
OPAL-X> * BEAM        BEAM1
OPAL-X> * PARTICLE    ELECTRON
OPAL-X> * REST MASS   0.000510999 [GeV]
OPAL-X> * CHARGE      -e * 1 
OPAL-X> * MOMENTUM    1010.94 [eV/c]
OPAL-X> * MOMENTUM    1.01094e-06 [GeV/c]
OPAL-X> * CURRENT     13000 [A]
OPAL-X> * FREQUENCY   1.3e+09 [MHz]
OPAL-X> * NPART       32768
OPAL-X> * ********************************************************************************** 
OPAL-X> 
OPAL-X[2]> * Beam[0] BEAM1 macro charge per particle [C]: -3.05176e-16
OPAL-X[2]> * Beam[0] BEAM1 macro mass per particle [GeV/c^2]: 0.973329
OPAL-X[2]> * Beam[0] BEAM1 particles per macro particle: 1904.76
OPAL-X> 
OPAL-X> * Creating new file for data: 'Dist-gauss-bins.stat'
OPAL-X> * Creating new file for data: 'Dist-gauss-bins.lbal'
PartBunch::setSolver[2]> Initializing solver: NONE
KOKKOS DEBUG[2]> =====================================
KOKKOS DEBUG[2]>  Kokkos Debug Information (Rank 0)
KOKKOS DEBUG[2]> =====================================
KOKKOS DEBUG[2]> CPU Threads: No multi-threaded CPU execution space enabled.
KOKKOS DEBUG[2]> CUDA Enabled: Rank 0 sees 1 GPU(s) available.
KOKKOS DEBUG[2]> Device Execution Space:
KOKKOS DEBUG[2]>   KOKKOS_ENABLE_CUDA: yes
KOKKOS DEBUG[2]> Cuda Options:
KOKKOS DEBUG[2]>   KOKKOS_ENABLE_CUDA_RELOCATABLE_DEVICE_CODE: no
KOKKOS DEBUG[2]>   KOKKOS_ENABLE_CUDA_UVM: no
KOKKOS DEBUG[2]>   KOKKOS_ENABLE_IMPL_CUDA_MALLOC_ASYNC: no
KOKKOS DEBUG[2]> 
KOKKOS DEBUG[2]> Cuda Runtime Configuration:
KOKKOS DEBUG[2]> macro  KOKKOS_ENABLE_CUDA      : defined
KOKKOS DEBUG[2]> macro  CUDA_VERSION          = 12010 = version 12.1
KOKKOS DEBUG[2]> Kokkos::Cuda[ 0 ] NVIDIA A100-SXM4-40GB : Selected
KOKKOS DEBUG[2]>   Capability: 8.0
KOKKOS DEBUG[2]>   Total Global Memory: 39.49 GiB
KOKKOS DEBUG[2]>   Shared Memory per Block: 48 KiB
KOKKOS DEBUG[2]>   Can access system allocated memory: 0
KOKKOS DEBUG[2]>     via Address Translation Service: 0
KOKKOS DEBUG[2]> Default Execution Space Concurrency: 221184
KOKKOS DEBUG[2]> Binning cost function parameters: alpha = 1.1, beta = 1.6, desiredWidth = 0.2
KOKKOS DEBUG[2]> =====================================
PartBunch::pre_run[2]> Starting pre_run...
OPAL-X[2]> * BCHandler<3>: [OPEN, OPEN, OPEN]
OPAL-X[2]> * Particle sampling / sampler setup for all emission sources done.
OPAL-X> 
OPAL-X> * ************** B U N C H ********************************************************* 
OPAL-X> * CONTAINER       = 0
OPAL-X> * PARTICLES       = 32768
OPAL-X> * CHARGE          = -1.000000e-11 (Cb) 
OPAL-X> * QM STORAGE MODE = SINGLE
OPAL-X> * <EKIN>          = 1.000 [eV]
OPAL-X> * <dEKIN>         = 0.000 [eV]
OPAL-X> * INTEGRATOR      = LF2
OPAL-X> * MIN R (origin)  = (     -2.98547 ,     -2.97213 ,     -2.98481 ) [mm]
OPAL-X> * MAX R (max ext) = (      3.00440 ,      3.00594 ,      3.00384 ) [mm]
OPAL-X> * RMS R           = (    990.50730 ,    990.72999 ,    990.30913 ) [um]
OPAL-X> * RMS P           = ( 1.001866e-09 , 9.986132e-10 , 9.975067e-10 ) [beta gamma]
OPAL-X> * Mean R          = ( -2.329341e-20 , 2.032879e-20 , 7.305659e-21 ) [m]
OPAL-X> * Mean P          = ( -4.611307e-12 , 3.122964e-12 , 1.978359e-03 ) [beta gamma]
OPAL-X> * MESH SPACING    = (    205.90165 ,    205.49629 ,    205.85965 ) [um]
OPAL-X> * COMPDOM INCR    = 5.000000e+00 (%) 
OPAL-X> * FIELD LAYOUT    = Domain = {[0:31:1],[0:31:1],[0:31:1]}
OPAL-X> Total number of boxes = 1
OPAL-X>     Box 0 {[0:31:1],[0:31:1],[0:31:1]}
OPAL-X> 
OPAL-X> * Centroid : 
OPAL-X> * -7.632783e-16 -1.511033e-07 6.661338e-16 1.023333e-07 2.393918e-16 6.482688e+01 
OPAL-X> * Cov Matrix : 
OPAL-X> * 9.811047e-07 -5.887790e-15 -6.253967e-09 -8.827586e-15 1.586744e-09 1.711023e-15 
OPAL-X> * -5.887790e-15 1.003735e-18 8.422227e-15 1.196066e-20 4.920934e-15 1.470026e-21 
OPAL-X> * -6.253967e-09 8.422227e-15 9.815459e-07 1.571211e-15 -7.857568e-09 -2.297940e-15 
OPAL-X> * -8.827586e-15 1.196066e-20 1.571211e-15 9.972283e-19 -4.385880e-16 2.453850e-21 
OPAL-X> * 1.586744e-09 4.920934e-15 -7.857568e-09 -4.385880e-16 9.807122e-07 4.820493e-15 
OPAL-X> * 1.711023e-15 1.470026e-21 -2.297940e-15 2.453850e-21 4.820493e-15 9.950196e-19 
OPAL-X> * * ********************************************************************************** 
OPAL-X> 
OPAL-X> * D1 gone live
ParallelTracker::execute[2]> Dump initial phase space done.
OPAL-X> * OrbitThreader dt_m= 5e-11
OPAL-X> * OrbitThreader maxDistance= 10
OPAL-X> * OrbitThreader #elements  = 1
OPAL-X> 
OPAL-X> * Size of map 1 sections 
OPAL-X> * Key: (0.000000 - 1.250009) number of overlapping elements 1
OPAL-X> *                            D1
OPAL-X> 
OPAL-X> * Creating new file for data: 'data/Dist-gauss-bins_ElementPositions.sdds'
OPAL-X> * Track start at: 19:08:33, t= 0.000 [fs]; zstart at: 0.000 [um]
OPAL-X> * Initial dt = 50.000 [ps]
OPAL-X> * Max integration steps = 1, next step = 0
OPAL-X>                dt [ns]           zStop [m]        num Steps [1]
OPAL-X> ->         5.000000e-11        1.250000e+00                   1
PartBunch::performBunchSanityChecks[2]> ========= Done performing PartBunch sanity checks... =========
ParallelTracker::execute[2]> Starting track with dt = 50.000 [ps], track steps = 0 to 1.
OPAL-X> * 19:08:33 Step      0 container[0] at 29.655 [um], t= 50.000 [ps], E=1.000 [eV]
OPAL-X[2]> * Wrote beam statistics.
OPAL-X[2]> * Dump phase space of last step
OPAL-X> * D1 gone off
OPAL-X> 
OPAL-X> * Done executing ParallelTracker at 19:08:33
OPAL-X> 
OPAL-X> * End of input stream 'Dist-gauss-bins.in'
Timings> ---------------------------------------------
Timings>      Timing results for 1 rank(s):
Timings> ---------------------------------------------
Timings> mainTimer........... Wall tot =   0.969853
Timings> 
Timings> Write Stat.......... Wall max = 0.00225789
Timings>                      Wall avg = 0.00225789
Timings>                      Wall min = 0.00225789
Timings> 
Timings> Write H5-File....... Wall max =  0.0632022
Timings>                      Wall avg =  0.0632022
Timings>                      Wall min =  0.0632022
Timings> 
Timings> bInitLimits......... Wall max =          0
Timings>                      Wall avg =          0
Timings>                      Wall min =          0
Timings> 
Timings> bAllReduceLimits.... Wall max =          0
Timings>                      Wall avg =          0
Timings>                      Wall min =          0
Timings> 
Timings> bAllReduceGlobalHis. Wall max =          0
Timings>                      Wall avg =          0
Timings>                      Wall min =          0
Timings> 
Timings> bAssignUniformBins.. Wall max =          0
Timings>                      Wall avg =          0
Timings>                      Wall min =          0
Timings> 
Timings> bExecuteHistoReduct. Wall max =          0
Timings>                      Wall avg =          0
Timings>                      Wall min =          0
Timings> 
Timings> bSortContainerByBin. Wall max =          0
Timings>                      Wall avg =          0
Timings>                      Wall min =          0
Timings> 
Timings> bVerifySorting...... Wall max =          0
Timings>                      Wall avg =          0
Timings>                      Wall min =          0
Timings> 
Timings> samplingTime........ Wall max =  0.0240455
Timings>                      Wall avg =  0.0240455
Timings>                      Wall min =  0.0240455
Timings> 
Timings> Sampling............ Wall max =   0.006638
Timings>                      Wall avg =   0.006638
Timings>                      Wall min =   0.006638
Timings> 
Timings> particleBC.......... Wall max = 0.000250605
Timings>                      Wall avg = 0.000250605
Timings>                      Wall min = 0.000250605
Timings> 
Timings> updateParticle...... Wall max =          0
Timings>                      Wall avg =          0
Timings>                      Wall min =          0
Timings> 
Timings> TIntegration1....... Wall max = 0.000168179
Timings>                      Wall avg = 0.000168179
Timings>                      Wall min = 0.000168179
Timings> 
Timings> TIntegration2....... Wall max = 0.000124476
Timings>                      Wall avg = 0.000124476
Timings>                      Wall min = 0.000124476
Timings> 
Timings> External field eval. Wall max = 0.000190601
Timings>                      Wall avg = 0.000190601
Timings>                      Wall min = 0.000190601
Timings> 
Timings> Binaryrepart........ Wall max =          0
Timings>                      Wall avg =          0
Timings>                      Wall min =          0
Timings> 
Timings> OrbThreader......... Wall max =   0.804709
Timings>                      Wall avg =   0.804709
Timings>                      Wall min =   0.804709
Timings> 
Timings> ---------------------------------------------
