srun: Ignoring --cpu-bind=rank. Rank binding is obsolete.
srun: error: Improperly formed environment variable (BASH_FUNC_module%%=() {  if [ -z "${LMOD_SH_DBG_ON+x}" ]; then
 case "$-" in 
 *v*x*)
 __lmod_sh_dbg='vx'
 ;;
 *v*)
 __lmod_sh_dbg='v'
 ;;
 *x*)
 __lmod_sh_dbg='x'
 ;;
 esac;
 fi;
 if [ -n "${__lmod_sh_dbg:-}" ]; then
 set +$__lmod_sh_dbg;
 echo "Shell debugging temporarily silenced: export LMOD_SH_DBG_ON=1 for Lmod's output" 1>&2;
 fi;
 eval "$($LMOD_CMD shell "$@")" && eval "$(${LMOD_SETTARG_CMD:-:} -s sh)";
 __lmod_my_status=$?;
 if [ -n "${__lmod_sh_dbg:-}" ]; then
 echo "Shell debugging restarted" 1>&2;
 set -$__lmod_sh_dbg;
 fi;
 unset __lmod_sh_dbg;
 return $__lmod_my_status
},BASH_FUNC_ml%%=() {  eval "$($LMOD_DIR/ml_cmd "$@")"
},_=/user-environment/env/develop/bin/mpirun)
OPAL-X[5]> Couldn't find startup file '/users/rammann/init.opal'
OPAL-X[5]> Note: this is not mandatory for an OPAL simulation!
OPAL-X[5]> 
OPAL-X>               ____  _____        _       __   __
OPAL-X> [1;32m
OPAL-X> 
OPAL-X>   ██████  ██████   █████  ██      ██   ██
OPAL-X>  ██    ██ ██   ██ ██   ██ ██       ██ ██
OPAL-X>  ██    ██ ██████  ███████ ██        ███
OPAL-X>  ██    ██ ██      ██   ██ ██       ██ ██
OPAL-X>   ██████  ██      ██   ██ ███████ ██   ██
OPAL-X> 
OPAL-X>          This is OPALX (Object Oriented Parallel Accelerator Library for Exascale)
OPAL-X> 
OPAL-X> [0m
OPAL-X> 
OPAL-X> OPALX is the performance portable version of OPAL :: Version 0.9
OPAL-X>             git rev. 9f33fb311ed08c2898bd8c7723a1349ef10161de
OPAL-X> 
OPAL-X> 
OPAL-X>              (c) PSI, https://github.com/OPALX-project/OPALX
OPAL-X> 
OPAL-X> 
OPAL-X> Please send cookies, goodies or other motivations (wine and beer ... ) 
OPAL-X> to the OPAL developers https://github.com/OPALX-project/OPALX/issues
OPAL-X> 
OPAL-X> Time: 11:13:30 date: 01/04/2026
OPAL-X> 
OPAL-X> * Host:   Serial
OPAL-X> * Device: Cuda
OPAL-X> 
OPAL-X> * Reading input stream 'Dist-gauss-bins.in'
OPAL-X> 
OPAL-X> value: {OPALVERSION} = {900}
OPAL-X> 
OPAL-X> 
OPAL-X> value: {EDES,P0} = {1e-09, 1.01094e-06}
OPAL-X> 
OPAL-X> * ************* F I E L D S O L V E R ********************************************** 
OPAL-X> * FIELDSOLVER  FS1
OPAL-X> * BINS         BINS1
OPAL-X> * TYPE         NONE
OPAL-X> * RANKS        1
OPAL-X> * NX           32
OPAL-X> * NY           32
OPAL-X> * NZ           32
OPAL-X> * BBOXINCR     5
OPAL-X> * GREENSF      STANDARD
OPAL-X> * XDIM         parallel  
OPAL-X> * YDIM         parallel  
OPAL-X> * ZDIM         serial  
OPAL-X> * ********************************************************************************** 
OPAL-X> 
OPAL-X> * ************* B I N N I N G ****************************************************** 
OPAL-X> * BINNING        BINS1
OPAL-X> * MAXBINS        120
OPAL-X> * DESIREDWIDTH   0.2
OPAL-X> * BINNINGALPHA   1.1
OPAL-X> * BINNINGBETA    1.6
OPAL-X> * PARAMETER      VELOCITYZ
OPAL-X> * TABLEPRINTFREQ 10
OPAL-X> * ********************************************************************************** 
OPAL-X> 
OPAL-X> * RUN resolved beams: BEAM1
OPAL-X> * ************* B E A M ************************************************************ 
OPAL-X> * BEAM        BEAM1
OPAL-X> * PARTICLE    ELECTRON
OPAL-X> * REST MASS   0.000510999 [GeV]
OPAL-X> * CHARGE      -e * 1 
OPAL-X> * MOMENTUM    1010.94 [eV/c]
OPAL-X> * MOMENTUM    1.01094e-06 [GeV/c]
OPAL-X> * CURRENT     13000 [A]
OPAL-X> * FREQUENCY   1.3e+09 [MHz]
OPAL-X> * NPART       32768
OPAL-X> * ********************************************************************************** 
OPAL-X> 
OPAL-X[2]> * Beam[0] BEAM1 macro charge per particle [C]: -3.05176e-16
OPAL-X[2]> * Beam[0] BEAM1 macro mass per particle [GeV/c^2]: 0.973329
OPAL-X[2]> * Beam[0] BEAM1 particles per macro particle: 1904.76
OPAL-X> 
OPAL-X> * Creating new file for data: 'Dist-gauss-bins.stat'
OPAL-X> * Creating new file for data: 'Dist-gauss-bins.lbal'
OPAL-X[3]> * Sum of per-distribution NPARTDIST over all emission sources = 32768, BEAM::NPART = 32768
PartBunch::PartBunch[4]> PartBunch Constructor
PartBunch::PartBunch[5]> * FieldContainer set to isAllPeriodic = 0
OPAL-X[3]> * Container 0: 32771 particles created and destroyed. Bunch allocated.
PartBunch::setSolver[2]> Initializing solver: NONE
FieldContainer::initializeFields[3]> Mesh spacing = ( 0.1875 , 0.1875 , 0.1875 )
FieldContainer::initializeFields[3]> Origin       = ( -3 , -3 , -3 )
FieldContainer::initializeFields[3]> FL           = Domain = {[0:31:1],[0:31:1],[0:31:1]}
FieldContainer::initializeFields[3]> Total number of boxes = 1
FieldContainer::initializeFields[3]>     Box 0 {[0:31:1],[0:31:1],[0:31:1]}
FieldContainer::initializeFields[3]> 
FieldContainer::initializeFields[3]> E_m, rho_m field initialized.
PartBunch::setBins[4]> Using binning command: BINS1
AdaptBins[4]> AdaptBins initialized with maxBins = 120, alpha = 1.1, beta = 1.6, desiredWidth = 0.2
PartBunch::setBins[3]> Bins set.
KOKKOS DEBUG[2]> =====================================
KOKKOS DEBUG[2]>  Kokkos Debug Information (Rank 0)
KOKKOS DEBUG[2]> =====================================
KOKKOS DEBUG[2]> CPU Threads: No multi-threaded CPU execution space enabled.
KOKKOS DEBUG[2]> CUDA Enabled: Rank 0 sees 4 GPU(s) available.
KOKKOS DEBUG[2]> Device Execution Space:
KOKKOS DEBUG[2]>   KOKKOS_ENABLE_CUDA: yes
KOKKOS DEBUG[2]> Cuda Options:
KOKKOS DEBUG[2]>   KOKKOS_ENABLE_CUDA_RELOCATABLE_DEVICE_CODE: no
KOKKOS DEBUG[2]>   KOKKOS_ENABLE_CUDA_UVM: no
KOKKOS DEBUG[2]>   KOKKOS_ENABLE_IMPL_CUDA_MALLOC_ASYNC: no
KOKKOS DEBUG[2]> 
KOKKOS DEBUG[2]> Cuda Runtime Configuration:
KOKKOS DEBUG[2]> macro  KOKKOS_ENABLE_CUDA      : defined
KOKKOS DEBUG[2]> macro  CUDA_VERSION          = 12080 = version 12.8
KOKKOS DEBUG[2]> Kokkos::Cuda[ 0 ] NVIDIA GH200 120GB : Selected
KOKKOS DEBUG[2]>   Capability: 9.0
KOKKOS DEBUG[2]>   Total Global Memory: 94.5 GiB
KOKKOS DEBUG[2]>   Shared Memory per Block: 48 KiB
KOKKOS DEBUG[2]>   Can access system allocated memory: 1
KOKKOS DEBUG[2]>     via Address Translation Service: 1
KOKKOS DEBUG[2]> Kokkos::Cuda[ 1 ] NVIDIA GH200 120GB
KOKKOS DEBUG[2]>   Capability: 9.0
KOKKOS DEBUG[2]>   Total Global Memory: 94.5 GiB
KOKKOS DEBUG[2]>   Shared Memory per Block: 48 KiB
KOKKOS DEBUG[2]>   Can access system allocated memory: 1
KOKKOS DEBUG[2]>     via Address Translation Service: 1
KOKKOS DEBUG[2]> Kokkos::Cuda[ 2 ] NVIDIA GH200 120GB
KOKKOS DEBUG[2]>   Capability: 9.0
KOKKOS DEBUG[2]>   Total Global Memory: 94.5 GiB
KOKKOS DEBUG[2]>   Shared Memory per Block: 48 KiB
KOKKOS DEBUG[2]>   Can access system allocated memory: 1
KOKKOS DEBUG[2]>     via Address Translation Service: 1
KOKKOS DEBUG[2]> Kokkos::Cuda[ 3 ] NVIDIA GH200 120GB
KOKKOS DEBUG[2]>   Capability: 9.0
KOKKOS DEBUG[2]>   Total Global Memory: 94.5 GiB
KOKKOS DEBUG[2]>   Shared Memory per Block: 48 KiB
KOKKOS DEBUG[2]>   Can access system allocated memory: 1
KOKKOS DEBUG[2]>     via Address Translation Service: 1
KOKKOS DEBUG[2]> Default Execution Space Concurrency: 270336
KOKKOS DEBUG[2]> Binning cost function parameters: alpha = 1.1, beta = 1.6, desiredWidth = 0.2
KOKKOS DEBUG[2]> =====================================
FieldSolver::setPotentialBCs[3]> Potential BCs only need to be set for CG solver. Current solver type: NONE
PartBunch::setSolver[4]> Binned field solver set (binned or legacy at runtime).
FieldSolver::initSolverWithParams[3]> Initialized solver with params: NONE
FieldSolver::initSolverWithParams[5]> Set solver RHS.
FieldSolver::initSolverWithParams[4]> Set solver RHS+LHS.
PartBunch::setSolver[4]> Field solver initialized.
PartBunch::setSolver[3]> Solver and Load Balancer set.
PartBunch::pre_run[2]> Starting pre_run...
PartBunch::pre_run[4]> Rho initialized to zero.
FieldSolver::runSolver[3]> Running solver with type: NONE. Force skip field dump: 1
PartBunch::pre_run[4]> Field solver ran during pre_run.
PartBunch::pre_run[4]> Call counter reset. pre_run done.
PartBunch::PartBunch[5]> * PartBunch constructor done.
OPAL-X[2]> * BCHandler<3>: [OPEN, OPEN, OPEN]
OPAL-X[5]> sysconf(_SC_NPROCESSORS_ONLN)= 288
OPAL-X[5]> MPI_Comm_size= 1
OPAL-X[2]> * Particle sampling / sampler setup for all emission sources done.
PartBunch::bunchUpdate[4]> Updating bunch and doing repartitioning if needed.
PartBunch::bunchUpdate[3]> Field Container updated with new mesh boundaries and spacing:
PartBunch::bunchUpdate[3]> 		> Mesh origin:   ( -0.00328496 , -0.00327104 , -0.00328424 )
PartBunch::bunchUpdate[3]> 		> Mesh spacing:  ( 0.000205902 , 0.000205496 , 0.00020586 )
PartBunch::bunchUpdate[3]> 		> Box increment: 5%
PartBunch::bunchUpdate[5]> Particle container 0 updated with new layout.
PartBunch::bunchUpdate[5]> Load balancer repartitioning done.
PartBunch::bunchUpdate[5]> Moments updated for all particle containers.
OPAL-X> 
OPAL-X> * ************** B U N C H ********************************************************* 
OPAL-X> * CONTAINER       = 0
OPAL-X> * PARTICLES       = 32768
OPAL-X> * CHARGE          = -1.000000e-11 (Cb) 
OPAL-X> * QM STORAGE MODE = SINGLE
OPAL-X> * <EKIN>          = 1.000 [eV]
OPAL-X> * <dEKIN>         = 0.000 [eV]
OPAL-X> * INTEGRATOR      = LF2
OPAL-X> * MIN R (origin)  = (     -2.98547 ,     -2.97213 ,     -2.98481 ) [mm]
OPAL-X> * MAX R (max ext) = (      3.00440 ,      3.00594 ,      3.00384 ) [mm]
OPAL-X> * RMS R           = (    990.50730 ,    990.72999 ,    990.30913 ) [um]
OPAL-X> * RMS P           = ( 1.001866e-09 , 9.986132e-10 , 9.975067e-10 ) [beta gamma]
OPAL-X> * Mean R          = ( -2.329341e-20 , 2.032879e-20 , 7.305659e-21 ) [m]
OPAL-X> * Mean P          = ( -4.611307e-12 , 3.122964e-12 , 1.978359e-03 ) [beta gamma]
OPAL-X> * MESH SPACING    = (    205.90165 ,    205.49629 ,    205.85965 ) [um]
OPAL-X> * COMPDOM INCR    = 5.000000e+00 (%) 
OPAL-X> * FIELD LAYOUT    = Domain = {[0:31:1],[0:31:1],[0:31:1]}
OPAL-X> Total number of boxes = 1
OPAL-X>     Box 0 {[0:31:1],[0:31:1],[0:31:1]}
OPAL-X> 
OPAL-X> * Centroid : 
OPAL-X> * -7.632783e-16 -1.511033e-07 6.661338e-16 1.023333e-07 2.393918e-16 6.482688e+01 
OPAL-X> * Cov Matrix : 
OPAL-X> * 9.811047e-07 -5.887790e-15 -6.253967e-09 -8.827586e-15 1.586744e-09 1.711023e-15 
OPAL-X> * -5.887790e-15 1.003735e-18 8.422227e-15 1.196066e-20 4.920934e-15 1.470026e-21 
OPAL-X> * -6.253967e-09 8.422227e-15 9.815459e-07 1.571211e-15 -7.857568e-09 -2.297940e-15 
OPAL-X> * -8.827586e-15 1.196066e-20 1.571211e-15 9.972283e-19 -4.385880e-16 2.453850e-21 
OPAL-X> * 1.586744e-09 4.920934e-15 -7.857568e-09 -4.385880e-16 9.807122e-07 4.820493e-15 
OPAL-X> * 1.711023e-15 1.470026e-21 -2.297940e-15 2.453850e-21 4.820493e-15 9.950196e-19 
OPAL-X> * * ********************************************************************************** 
OPAL-X> 
ParallelTracker::execute[3]> Initialized Boris pusher.
ParallelTracker::execute[3]> Selected minimum time step from configuration: 5e-11
OPAL-X> * D1 gone live
ParallelTracker::execute[3]> Activated all beamline elements.
ParallelTracker::execute[4]> Transformed reference particle position and momentum to lab frame (all containers).
ParallelTracker::execute[4]> Initial bunch bounds:
ParallelTracker::execute[4]>   rmin = ( -0.00298547 , -0.00297213 , -0.00298481 )
ParallelTracker::execute[4]>   rmax = ( 0.0030044 , 0.00300594 , 0.00300384 )
ParallelTracker::execute[3]> ParallelTrack (container 0): momentum z = 0.00197836
ParallelTracker::execute[3]> RefPartR (container 0) = ( 0 , 0 , 0 )
ParallelTracker::execute[3]> RefPartP (container 0) = ( -4.61131e-12 , 3.12296e-12 , 0.00197836 )
ParallelTracker::writePhaseSpace[5]> Bunch bounds in REFERENCE frame: rmin = ( -3 , -3 , -3 ), rmax = ( 3 , 3 , 3 )
ParallelTracker::execute[2]> Dump initial phase space done.
OPAL-X> * OrbitThreader dt_m= 5e-11
OPAL-X> * OrbitThreader maxDistance= 10
OPAL-X> * OrbitThreader #elements  = 1
OPAL-X> 
OPAL-X> * Size of map 1 sections 
OPAL-X> * Key: (0.000000 - 1.250009) number of overlapping elements 1
OPAL-X> *                            D1
OPAL-X> 
OPAL-X> * Creating new file for data: 'data/Dist-gauss-bins_ElementPositions.sdds'
ParallelTracker::execute[4]> Orbit threader execution done.
ParallelTracker::execute[4]> Set time view of particle bunch.
ParallelTracker::execute[4]> Reset bunch time to 0.
OPAL-X> * Track start at: 11:13:30, t= 0.000 [fs]; zstart at: 0.000 [um]
OPAL-X> * Initial dt = 50.000 [ps]
OPAL-X> * Max integration steps = 1, next step = 0
OPAL-X>                dt [ns]           zStop [m]        num Steps [1]
OPAL-X> ->         5.000000e-11        1.250000e+00                   1
PartBunch::performBunchSanityChecks[4]> ========== Performing sanity checks on PartBunch... ==========
PartBunch::performBunchSanityChecks[4]> BC Handler initialized properly.
PartBunch::performBunchSanityChecks[4]> Field Solver object was initialized.
PartBunch::performBunchSanityChecks[4]> FieldSolver internal field pointers are set.
PartBunch::performBunchSanityChecks[4]> FieldSolver fields match FieldContainer.
PartBunch::performBunchSanityChecks[4]> FieldSolver type: NONE
PartBunch::performBunchSanityChecks[4]> E-field layout initialized.
PartBunch::performBunchSanityChecks[2]> ========= Done performing PartBunch sanity checks... =========
ParallelTracker::execute[5]> >>>>>>>>>>>>>>>>>> Starting Tracking Loop >>>>>>>>>>>>>>>>>>
ParallelTracker::changeDT[5]> Changed particle container time step to 5e-11.
ParallelTracker::execute[2]> Starting track with dt = 50.000 [ps], track steps = 0 to 1.
PartBunch::calcBeamParameters[5]> Moments updated.
PartBunch::calcBeamParameters[5]> Local moments calculated.
PartBunch::calcBeamParameters[5]> Global moments calculated.
PartBunch::calcBeamParameters[5]> Local min/max calculated.
PartBunch::calcBeamParameters[5]> Global min/max calculated.
OPAL-X[4]> * Switched to unitless positions.
OPAL-X[4]> * Switched to physical positions.
ParallelTracker::timeIntegration1[4]> Push particles done.
ParallelTracker::execute[4]> timeIntegration1 done at step 0.
PartBunch::bunchUpdate[4]> Updating bunch and doing repartitioning if needed.
PartBunch::bunchUpdate[3]> Field Container updated with new mesh boundaries and spacing:
PartBunch::bunchUpdate[3]> 		> Mesh origin:   ( -0.00328496 , -0.00327104 , -0.00326941 )
PartBunch::bunchUpdate[3]> 		> Mesh spacing:  ( 0.000205902 , 0.000205496 , 0.00020586 )
PartBunch::bunchUpdate[3]> 		> Box increment: 5%
PartBunch::bunchUpdate[5]> Particle container 0 updated with new layout.
PartBunch::bunchUpdate[5]> Load balancer repartitioning done.
PartBunch::bunchUpdate[5]> Moments updated for all particle containers.
ParallelTracker::execute[5]> Bunch updated after timeIntegration1.
ParallelTracker::execute[4]> E and B fields reset at step 0.
PartBunch::calcBeamParameters[5]> Moments updated.
PartBunch::calcBeamParameters[5]> Local moments calculated.
PartBunch::calcBeamParameters[5]> Global moments calculated.
PartBunch::calcBeamParameters[5]> Local min/max calculated.
PartBunch::calcBeamParameters[5]> Global min/max calculated.
ParallelTracker::computeSpaceChargeFields[4]> Calculate beam parameters done.
ParallelTracker::computeSpaceChargeFields[4]> Transform particle positions to beam coordinate system done.
PartBunch::bunchUpdate[4]> Updating bunch and doing repartitioning if needed.
PartBunch::bunchUpdate[3]> Field Container updated with new mesh boundaries and spacing:
PartBunch::bunchUpdate[3]> 		> Mesh origin:   ( -0.00328496 , -0.00327104 , -0.00326941 )
PartBunch::bunchUpdate[3]> 		> Mesh spacing:  ( 0.000205902 , 0.000205496 , 0.00020586 )
PartBunch::bunchUpdate[3]> 		> Box increment: 5%
PartBunch::bunchUpdate[5]> Particle container 0 updated with new layout.
PartBunch::bunchUpdate[5]> Load balancer repartitioning done.
PartBunch::bunchUpdate[5]> Moments updated for all particle containers.
ParallelTracker::computeSpaceChargeFields[5]> Bunch updated for positions in beam coordinate system.
BinnedFieldSolver::computeSelfFields[5]> Skipping scatter/gather and self-field computation for NONE solver.
ParallelTracker::computeSpaceChargeFields[3]> Compute self fields done.
ParallelTracker::computeSpaceChargeFields[5]> Transform particle positions back to reference coordinate system done.
ParallelTracker::computeSpaceChargeFields[5]> Rotate E fields back to reference coordinate system done.
ParallelTracker::computeSpaceChargeFields[5]> Rotate B fields back to reference coordinate system done. ComputeSelfFields done.
PartBunch::bunchUpdate[4]> Updating bunch and doing repartitioning if needed.
PartBunch::bunchUpdate[3]> Field Container updated with new mesh boundaries and spacing:
PartBunch::bunchUpdate[3]> 		> Mesh origin:   ( -0.00328496 , -0.00327104 , -0.00326941 )
PartBunch::bunchUpdate[3]> 		> Mesh spacing:  ( 0.000205902 , 0.000205496 , 0.00020586 )
PartBunch::bunchUpdate[3]> 		> Box increment: 5%
PartBunch::bunchUpdate[5]> Particle container 0 updated with new layout.
PartBunch::bunchUpdate[5]> Load balancer repartitioning done.
PartBunch::bunchUpdate[5]> Moments updated for all particle containers.
ParallelTracker::computeSpaceChargeFields[5]> Bunch updated for positions in reference coordinate system.
ParallelTracker::execute[4]> Space charge field computation done at step 0.
ParallelTracker::execute[4]> External field computation done at step 0.
ParallelTracker::kickParticles[5]> Got particle views for kick operation.
ParallelTracker::kickParticles[5]> Completed parallel kick operation.
ParallelTracker::timeIntegration2[4]> Kick particles done.
OPAL-X[4]> * Switched to unitless positions.
OPAL-X[4]> * Switched to physical positions.
ParallelTracker::timeIntegration2[4]> Push particles done.
ParallelTracker::execute[4]> timeIntegration2 done at step 0.
PartBunch::bunchUpdate[4]> Updating bunch and doing repartitioning if needed.
PartBunch::bunchUpdate[3]> Field Container updated with new mesh boundaries and spacing:
PartBunch::bunchUpdate[3]> 		> Mesh origin:   ( -0.00328496 , -0.00327104 , -0.00325458 )
PartBunch::bunchUpdate[3]> 		> Mesh spacing:  ( 0.000205902 , 0.000205496 , 0.00020586 )
PartBunch::bunchUpdate[3]> 		> Box increment: 5%
PartBunch::bunchUpdate[5]> Particle container 0 updated with new layout.
PartBunch::bunchUpdate[5]> Load balancer repartitioning done.
PartBunch::bunchUpdate[5]> Moments updated for all particle containers.
ParallelTracker::execute[5]> Bunch updated after timeIntegration2.
ParallelTracker::execute[4]> Emit particles from emission sources done at step 0.
PartBunch::bunchUpdate[4]> Updating bunch and doing repartitioning if needed.
PartBunch::bunchUpdate[3]> Field Container updated with new mesh boundaries and spacing:
PartBunch::bunchUpdate[3]> 		> Mesh origin:   ( -0.00328496 , -0.00327104 , -0.00325458 )
PartBunch::bunchUpdate[3]> 		> Mesh spacing:  ( 0.000205902 , 0.000205496 , 0.00020586 )
PartBunch::bunchUpdate[3]> 		> Box increment: 5%
PartBunch::bunchUpdate[5]> Particle container 0 updated with new layout.
PartBunch::bunchUpdate[5]> Load balancer repartitioning done.
PartBunch::bunchUpdate[5]> Moments updated for all particle containers.
ParallelTracker::execute[5]> Bunch updated after emission.
ParallelTracker::execute[5]> Set time view of particle bunch to dt = 50.000 [ps].
ParallelTracker::execute[5]> Selected new time step for next iteration, back_track = 0.
ParallelTracker::execute[5]> Incremented bunch time to 50.000 [ps].
ParallelTracker::updateReference[5]> Updated reference particle.
ParallelTracker::execute[4]> Updated reference particle at step 0.
ParallelTracker::execute[4]> Current path length is 2.96548e-05.
OPAL-X> * 11:13:30 Step      0 at 29.655 [um], t= 50.000 [ps], E=1.000 [eV]
ParallelTracker::writePhaseSpace[5]> Bunch bounds in REFERENCE frame: rmin = ( -0.00298547 , -0.00297213 , -0.00296998 ), rmax = ( 0.0030044 , 0.00300594 , 0.00301866 )
ParallelTracker::writePhaseSpace[5]> External fields in REFERENCE frame: externalE = ( 0 , 0 , 0 ), externalB = ( 0 , 0 , 0 )
PartBunch::calcBeamParameters[5]> Moments updated.
PartBunch::calcBeamParameters[5]> Local moments calculated.
PartBunch::calcBeamParameters[5]> Global moments calculated.
PartBunch::calcBeamParameters[5]> Local min/max calculated.
PartBunch::calcBeamParameters[5]> Global min/max calculated.
PartBunch::calcBeamParameters[5]> Moments updated.
PartBunch::calcBeamParameters[5]> Local moments calculated.
PartBunch::calcBeamParameters[5]> Global moments calculated.
PartBunch::calcBeamParameters[5]> Local min/max calculated.
PartBunch::calcBeamParameters[5]> Global min/max calculated.
PartBunch::getCurrentNBins[4]> WARNING: Number of bins is the same as the maximum number of bins, we haven't merged bins yet (likely because the simulation is too empty). Returning 1. If that is not the case, check e.g. binning parameters.
OPAL-X[2]> * Wrote beam statistics.
ParallelTracker::execute[5]> Track steps incremented.
ParallelTracker::execute[4]> Calculated drift per time step: 29.655 [um].
ParallelTracker::writePhaseSpace[5]> Bunch bounds in REFERENCE frame: rmin = ( -0.00298547 , -0.00297213 , -0.00298481 ), rmax = ( 0.0030044 , 0.00300594 , 0.00300384 )
ParallelTracker::writePhaseSpace[5]> External fields in REFERENCE frame: externalE = ( 0 , 0 , 0 ), externalB = ( 0 , 0 , 0 )
PartBunch::calcBeamParameters[5]> Moments updated.
PartBunch::calcBeamParameters[5]> Local moments calculated.
PartBunch::calcBeamParameters[5]> Global moments calculated.
PartBunch::calcBeamParameters[5]> Local min/max calculated.
PartBunch::calcBeamParameters[5]> Global min/max calculated.
OPAL-X[3]> * Wrote beam phase space.
OPAL-X[2]> * Dump phase space of last step
OPAL-X> * D1 gone off
OPAL-X> 
OPAL-X> * Done executing ParallelTracker at 11:13:30
OPAL-X> 
OPAL-X> * End of input stream 'Dist-gauss-bins.in'
Timings> ---------------------------------------------
Timings>      Timing results for 1 rank(s):
Timings> ---------------------------------------------
Timings> mainTimer........... Wall tot =   0.467806
Timings> 
Timings> Write Stat.......... Wall max = 0.000840777
Timings>                      Wall avg = 0.000840777
Timings>                      Wall min = 0.000840777
Timings> 
Timings> Write H5-File....... Wall max = 0.00394603
Timings>                      Wall avg = 0.00394603
Timings>                      Wall min = 0.00394603
Timings> 
Timings> bInitLimits......... Wall max =          0
Timings>                      Wall avg =          0
Timings>                      Wall min =          0
Timings> 
Timings> bAllReduceLimits.... Wall max =          0
Timings>                      Wall avg =          0
Timings>                      Wall min =          0
Timings> 
Timings> bAllReduceGlobalHis. Wall max =          0
Timings>                      Wall avg =          0
Timings>                      Wall min =          0
Timings> 
Timings> bAssignUniformBins.. Wall max =          0
Timings>                      Wall avg =          0
Timings>                      Wall min =          0
Timings> 
Timings> bExecuteHistoReduct. Wall max =          0
Timings>                      Wall avg =          0
Timings>                      Wall min =          0
Timings> 
Timings> bSortContainerByBin. Wall max =          0
Timings>                      Wall avg =          0
Timings>                      Wall min =          0
Timings> 
Timings> bVerifySorting...... Wall max =          0
Timings>                      Wall avg =          0
Timings>                      Wall min =          0
Timings> 
Timings> samplingTime........ Wall max = 0.00196084
Timings>                      Wall avg = 0.00196084
Timings>                      Wall min = 0.00196084
Timings> 
Timings> Sampling............ Wall max = 0.000358358
Timings>                      Wall avg = 0.000358358
Timings>                      Wall min = 0.000358358
Timings> 
Timings> particleBC.......... Wall max = 0.000124508
Timings>                      Wall avg = 0.000124508
Timings>                      Wall min = 0.000124508
Timings> 
Timings> updateParticle...... Wall max =          0
Timings>                      Wall avg =          0
Timings>                      Wall min =          0
Timings> 
Timings> TIntegration1....... Wall max = 6.9822e-05
Timings>                      Wall avg = 6.9822e-05
Timings>                      Wall min = 6.9822e-05
Timings> 
Timings> TIntegration2....... Wall max = 5.1934e-05
Timings>                      Wall avg = 5.1934e-05
Timings>                      Wall min = 5.1934e-05
Timings> 
Timings> External field eval. Wall max =  7.299e-05
Timings>                      Wall avg =  7.299e-05
Timings>                      Wall min =  7.299e-05
Timings> 
Timings> Binaryrepart........ Wall max =          0
Timings>                      Wall avg =          0
Timings>                      Wall min =          0
Timings> 
Timings> OrbThreader......... Wall max =   0.318671
Timings>                      Wall avg =   0.318671
Timings>                      Wall min =   0.318671
Timings> 
Timings> ---------------------------------------------
