srun: Ignoring --cpu-bind=rank. Rank binding is obsolete.
srun: error: Improperly formed environment variable (BASH_FUNC_module%%=() {  if [ -z "${LMOD_SH_DBG_ON+x}" ]; then
 case "$-" in 
 *v*x*)
 __lmod_sh_dbg='vx'
 ;;
 *v*)
 __lmod_sh_dbg='v'
 ;;
 *x*)
 __lmod_sh_dbg='x'
 ;;
 esac;
 fi;
 if [ -n "${__lmod_sh_dbg:-}" ]; then
 set +$__lmod_sh_dbg;
 echo "Shell debugging temporarily silenced: export LMOD_SH_DBG_ON=1 for Lmod's output" 1>&2;
 fi;
 eval "$($LMOD_CMD shell "$@")" && eval "$(${LMOD_SETTARG_CMD:-:} -s sh)";
 __lmod_my_status=$?;
 if [ -n "${__lmod_sh_dbg:-}" ]; then
 echo "Shell debugging restarted" 1>&2;
 set -$__lmod_sh_dbg;
 fi;
 unset __lmod_sh_dbg;
 return $__lmod_my_status
},BASH_FUNC_ml%%=() {  eval "$($LMOD_DIR/ml_cmd "$@")"
},_=/user-environment/env/develop/bin/mpirun)
OPAL-X[5]> Couldn't find startup file '/users/rammann/init.opal'
OPAL-X[5]> Note: this is not mandatory for an OPAL simulation!
OPAL-X[5]> 
OPAL-X>               ____  _____        _       __   __
OPAL-X> [1;32m
OPAL-X> 
OPAL-X>   ██████  ██████   █████  ██      ██   ██
OPAL-X>  ██    ██ ██   ██ ██   ██ ██       ██ ██
OPAL-X>  ██    ██ ██████  ███████ ██        ███
OPAL-X>  ██    ██ ██      ██   ██ ██       ██ ██
OPAL-X>   ██████  ██      ██   ██ ███████ ██   ██
OPAL-X> 
OPAL-X>          This is OPALX (Object Oriented Parallel Accelerator Library for Exascale)
OPAL-X> 
OPAL-X> [0m
OPAL-X> 
OPAL-X> OPALX is the performance portable version of OPAL :: Version 0.9
OPAL-X>             git rev. 9f33fb311ed08c2898bd8c7723a1349ef10161de
OPAL-X> 
OPAL-X> 
OPAL-X>              (c) PSI, https://github.com/OPALX-project/OPALX
OPAL-X> 
OPAL-X> 
OPAL-X> Please send cookies, goodies or other motivations (wine and beer ... ) 
OPAL-X> to the OPAL developers https://github.com/OPALX-project/OPALX/issues
OPAL-X> 
OPAL-X> Time: 11:13:53 date: 01/04/2026
OPAL-X> 
OPAL-X> * Host:   Serial
OPAL-X> * Device: Cuda
OPAL-X> 
OPAL-X> * Reading input stream 'Drift-open-bins.in'
OPAL-X> 
OPAL-X> value: {OPALVERSION} = {900}
OPAL-X> 
OPAL-X> 
OPAL-X> value: {EDES,P0} = {1e-05, 0.000101587}
OPAL-X> 
OPAL-X> * ************* F I E L D S O L V E R ********************************************** 
OPAL-X> * FIELDSOLVER  FS1
OPAL-X> * BINS         BINS1
OPAL-X> * TYPE         OPEN
OPAL-X> * RANKS        1
OPAL-X> * NX           32
OPAL-X> * NY           32
OPAL-X> * NZ           32
OPAL-X> * BBOXINCR     5
OPAL-X> * GREENSF      STANDARD
OPAL-X> * XDIM         parallel  
OPAL-X> * YDIM         parallel  
OPAL-X> * ZDIM         serial  
OPAL-X> * ********************************************************************************** 
OPAL-X> 
OPAL-X> * ************* B I N N I N G ****************************************************** 
OPAL-X> * BINNING        BINS1
OPAL-X> * MAXBINS        120
OPAL-X> * DESIREDWIDTH   0.2
OPAL-X> * BINNINGALPHA   1.1
OPAL-X> * BINNINGBETA    1.6
OPAL-X> * PARAMETER      VELOCITYZ
OPAL-X> * TABLEPRINTFREQ 10
OPAL-X> * ********************************************************************************** 
OPAL-X> 
OPAL-X> * RUN resolved beams: BEAM1
OPAL-X> * ************* B E A M ************************************************************ 
OPAL-X> * BEAM        BEAM1
OPAL-X> * PARTICLE    ELECTRON
OPAL-X> * REST MASS   0.000510999 [GeV]
OPAL-X> * CHARGE      -e * 1 
OPAL-X> * MOMENTUM    101587 [eV/c]
OPAL-X> * MOMENTUM    0.000101587 [GeV/c]
OPAL-X> * CURRENT     1.3e+06 [A]
OPAL-X> * FREQUENCY   1.3e+09 [MHz]
OPAL-X> * NPART       32768
OPAL-X> * ********************************************************************************** 
OPAL-X> 
OPAL-X[2]> * Beam[0] BEAM1 macro charge per particle [C]: -3.05176e-14
OPAL-X[2]> * Beam[0] BEAM1 macro mass per particle [GeV/c^2]: 97.3329
OPAL-X[2]> * Beam[0] BEAM1 particles per macro particle: 190476
OPAL-X> 
OPAL-X> * Creating new file for data: 'Drift-open-bins.stat'
OPAL-X> * Creating new file for data: 'Drift-open-bins.lbal'
OPAL-X[3]> * Sum of per-distribution NPARTDIST over all emission sources = 32768, BEAM::NPART = 32768
PartBunch::PartBunch[4]> PartBunch Constructor
PartBunch::PartBunch[5]> * FieldContainer set to isAllPeriodic = 0
OPAL-X[3]> * Container 0: 32771 particles created and destroyed. Bunch allocated.
PartBunch::setSolver[2]> Initializing solver: OPEN
FieldContainer::initializeFields[3]> Mesh spacing = ( 0.1875 , 0.1875 , 0.1875 )
FieldContainer::initializeFields[3]> Origin       = ( -3 , -3 , -3 )
FieldContainer::initializeFields[3]> FL           = Domain = {[0:31:1],[0:31:1],[0:31:1]}
FieldContainer::initializeFields[3]> Total number of boxes = 1
FieldContainer::initializeFields[3]>     Box 0 {[0:31:1],[0:31:1],[0:31:1]}
FieldContainer::initializeFields[3]> 
FieldContainer::initializeFields[3]> E_m, rho_m field initialized.
PartBunch::setBins[4]> Using binning command: BINS1
AdaptBins[4]> AdaptBins initialized with maxBins = 120, alpha = 1.1, beta = 1.6, desiredWidth = 0.2
PartBunch::setBins[3]> Bins set.
KOKKOS DEBUG[2]> =====================================
KOKKOS DEBUG[2]>  Kokkos Debug Information (Rank 0)
KOKKOS DEBUG[2]> =====================================
KOKKOS DEBUG[2]> CPU Threads: No multi-threaded CPU execution space enabled.
KOKKOS DEBUG[2]> CUDA Enabled: Rank 0 sees 4 GPU(s) available.
KOKKOS DEBUG[2]> Device Execution Space:
KOKKOS DEBUG[2]>   KOKKOS_ENABLE_CUDA: yes
KOKKOS DEBUG[2]> Cuda Options:
KOKKOS DEBUG[2]>   KOKKOS_ENABLE_CUDA_RELOCATABLE_DEVICE_CODE: no
KOKKOS DEBUG[2]>   KOKKOS_ENABLE_CUDA_UVM: no
KOKKOS DEBUG[2]>   KOKKOS_ENABLE_IMPL_CUDA_MALLOC_ASYNC: no
KOKKOS DEBUG[2]> 
KOKKOS DEBUG[2]> Cuda Runtime Configuration:
KOKKOS DEBUG[2]> macro  KOKKOS_ENABLE_CUDA      : defined
KOKKOS DEBUG[2]> macro  CUDA_VERSION          = 12080 = version 12.8
KOKKOS DEBUG[2]> Kokkos::Cuda[ 0 ] NVIDIA GH200 120GB : Selected
KOKKOS DEBUG[2]>   Capability: 9.0
KOKKOS DEBUG[2]>   Total Global Memory: 94.5 GiB
KOKKOS DEBUG[2]>   Shared Memory per Block: 48 KiB
KOKKOS DEBUG[2]>   Can access system allocated memory: 1
KOKKOS DEBUG[2]>     via Address Translation Service: 1
KOKKOS DEBUG[2]> Kokkos::Cuda[ 1 ] NVIDIA GH200 120GB
KOKKOS DEBUG[2]>   Capability: 9.0
KOKKOS DEBUG[2]>   Total Global Memory: 94.5 GiB
KOKKOS DEBUG[2]>   Shared Memory per Block: 48 KiB
KOKKOS DEBUG[2]>   Can access system allocated memory: 1
KOKKOS DEBUG[2]>     via Address Translation Service: 1
KOKKOS DEBUG[2]> Kokkos::Cuda[ 2 ] NVIDIA GH200 120GB
KOKKOS DEBUG[2]>   Capability: 9.0
KOKKOS DEBUG[2]>   Total Global Memory: 94.5 GiB
KOKKOS DEBUG[2]>   Shared Memory per Block: 48 KiB
KOKKOS DEBUG[2]>   Can access system allocated memory: 1
KOKKOS DEBUG[2]>     via Address Translation Service: 1
KOKKOS DEBUG[2]> Kokkos::Cuda[ 3 ] NVIDIA GH200 120GB
KOKKOS DEBUG[2]>   Capability: 9.0
KOKKOS DEBUG[2]>   Total Global Memory: 94.5 GiB
KOKKOS DEBUG[2]>   Shared Memory per Block: 48 KiB
KOKKOS DEBUG[2]>   Can access system allocated memory: 1
KOKKOS DEBUG[2]>     via Address Translation Service: 1
KOKKOS DEBUG[2]> Default Execution Space Concurrency: 270336
KOKKOS DEBUG[2]> Binning cost function parameters: alpha = 1.1, beta = 1.6, desiredWidth = 0.2
KOKKOS DEBUG[2]> =====================================
FieldSolver::setPotentialBCs[3]> Potential BCs only need to be set for CG solver. Current solver type: OPEN
PartBunch::setSolver[4]> Binned field solver set (binned or legacy at runtime).
FieldSolver::initSolverWithParams[3]> Initialized solver with params: OPEN
srun: error: nid006548: task 0: Segmentation fault (core dumped)
srun: Terminating StepId=3111710.6
